`torch_dtype` is deprecated! Use `dtype` instead!
Loading checkpoint shards:   0%|          | 0/5 [00:00<?, ?it/s]Loading checkpoint shards:  20%|██        | 1/5 [00:23<01:35, 23.85s/it]Loading checkpoint shards:  40%|████      | 2/5 [00:43<01:04, 21.35s/it]Loading checkpoint shards:  60%|██████    | 3/5 [01:02<00:40, 20.14s/it]Loading checkpoint shards:  80%|████████  | 4/5 [01:18<00:18, 18.64s/it]Loading checkpoint shards: 100%|██████████| 5/5 [01:25<00:00, 14.52s/it]Loading checkpoint shards: 100%|██████████| 5/5 [01:25<00:00, 17.14s/it]
The new embeddings will be initialized from a multivariate normal distribution that has old embeddings' mean and covariance. As described in this article: https://nlp.stanford.edu/~johnhew/vocab-expansion.html. To disable this, use `mean_resizing=False`
The new lm_head weights will be initialized from a multivariate normal distribution that has old embeddings' mean and covariance. As described in this article: https://nlp.stanford.edu/~johnhew/vocab-expansion.html. To disable this, use `mean_resizing=False`
[train] epoch=0 step=0 loss=0.1855 i2t_avg=0.1855 emb_norm_mean=1.6094 emb_norm_std=1.0234 head_norm_mean=0.3809 head_norm_std=0.0194
[train] epoch=0 step=50 loss=0.1420 a2t_avg=0.1437 i2t_avg=0.1603 emb_norm_mean=1.6094 emb_norm_std=1.0234 head_norm_mean=0.3809 head_norm_std=0.0195
[train] epoch=0 step=100 loss=0.1423 a2t_avg=0.1440 i2t_avg=0.1527 emb_norm_mean=1.6094 emb_norm_std=1.0234 head_norm_mean=0.3809 head_norm_std=0.0197
[train] epoch=0 step=150 loss=0.0690 a2t_avg=0.1409 i2t_avg=0.1546 emb_norm_mean=1.6094 emb_norm_std=1.0234 head_norm_mean=0.3809 head_norm_std=0.0197
[train] epoch=0 step=200 loss=0.1481 a2t_avg=0.1439 i2t_avg=0.1487 emb_norm_mean=1.6172 emb_norm_std=1.0234 head_norm_mean=0.3809 head_norm_std=0.0197
[train] epoch=0 step=250 loss=0.1484 a2t_avg=0.1412 i2t_avg=0.1485 emb_norm_mean=1.6172 emb_norm_std=1.0312 head_norm_mean=0.3809 head_norm_std=0.0197
[train] epoch=0 step=300 loss=0.1837 a2t_avg=0.1399 i2t_avg=0.1474 emb_norm_mean=1.6172 emb_norm_std=1.0312 head_norm_mean=0.3809 head_norm_std=0.0197
[train] epoch=0 step=350 loss=0.1288 a2t_avg=0.1395 i2t_avg=0.1475 emb_norm_mean=1.6172 emb_norm_std=1.0312 head_norm_mean=0.3809 head_norm_std=0.0197
[train] epoch=0 step=400 loss=0.1373 a2t_avg=0.1376 i2t_avg=0.1491 emb_norm_mean=1.6172 emb_norm_std=1.0312 head_norm_mean=0.3809 head_norm_std=0.0197
[train] epoch=0 step=450 loss=0.1742 a2t_avg=0.1382 i2t_avg=0.1482 emb_norm_mean=1.6172 emb_norm_std=1.0312 head_norm_mean=0.3809 head_norm_std=0.0197
[train] epoch=0 step=500 loss=0.0986 a2t_avg=0.1381 i2t_avg=0.1480 emb_norm_mean=1.6172 emb_norm_std=1.0312 head_norm_mean=0.3809 head_norm_std=0.0197
[train] epoch=0 step=550 loss=0.0973 a2t_avg=0.1394 i2t_avg=0.1490 emb_norm_mean=1.6250 emb_norm_std=1.0312 head_norm_mean=0.3809 head_norm_std=0.0197
[train] epoch=0 step=600 loss=0.0978 a2t_avg=0.1390 i2t_avg=0.1514 emb_norm_mean=1.6250 emb_norm_std=1.0312 head_norm_mean=0.3809 head_norm_std=0.0198
[train] epoch=0 step=650 loss=0.1205 a2t_avg=0.1388 i2t_avg=0.1509 emb_norm_mean=1.6250 emb_norm_std=1.0391 head_norm_mean=0.3809 head_norm_std=0.0198
[train] epoch=0 step=700 loss=0.0925 a2t_avg=0.1396 i2t_avg=0.1506 emb_norm_mean=1.6250 emb_norm_std=1.0391 head_norm_mean=0.3809 head_norm_std=0.0198
[train] epoch=0 step=750 loss=0.1741 a2t_avg=0.1399 i2t_avg=0.1502 emb_norm_mean=1.6250 emb_norm_std=1.0391 head_norm_mean=0.3809 head_norm_std=0.0198
[train] epoch=0 step=800 loss=0.1299 a2t_avg=0.1403 i2t_avg=0.1496 emb_norm_mean=1.6250 emb_norm_std=1.0391 head_norm_mean=0.3809 head_norm_std=0.0198
[train] epoch=0 step=850 loss=0.1013 a2t_avg=0.1398 i2t_avg=0.1479 emb_norm_mean=1.6250 emb_norm_std=1.0391 head_norm_mean=0.3809 head_norm_std=0.0198
[train] epoch=0 step=900 loss=0.1261 a2t_avg=0.1398 i2t_avg=0.1480 emb_norm_mean=1.6328 emb_norm_std=1.0391 head_norm_mean=0.3809 head_norm_std=0.0198
[train] epoch=0 step=950 loss=0.0724 a2t_avg=0.1395 i2t_avg=0.1469 emb_norm_mean=1.6328 emb_norm_std=1.0391 head_norm_mean=0.3809 head_norm_std=0.0198
[train] epoch=0 step=1000 loss=0.1692 a2t_avg=0.1401 i2t_avg=0.1456 emb_norm_mean=1.6328 emb_norm_std=1.0391 head_norm_mean=0.3809 head_norm_std=0.0199
[ablation] step=1000 audio={'loss_correct_mean': 2.380707737058401, 'loss_shuffle_mean': 2.3404857479035854, 'loss_noise_mean': 2.65910158213228, 'win_rate_shuffle': 0.4375, 'win_rate_noise': 0.734375, 'n_examples': 64.0} image={'loss_correct_mean': 3.5950106643140316, 'loss_shuffle_mean': 3.5667097568511963, 'loss_noise_mean': 4.1084936410188675, 'win_rate_shuffle': 0.40625, 'win_rate_noise': 0.8125, 'n_examples': 64.0}
[train] epoch=0 step=1050 loss=0.1373 a2t_avg=0.1397 i2t_avg=0.1457 emb_norm_mean=1.6328 emb_norm_std=1.0391 head_norm_mean=0.3809 head_norm_std=0.0199
[train] epoch=0 step=1100 loss=0.1150 a2t_avg=0.1397 i2t_avg=0.1449 emb_norm_mean=1.6328 emb_norm_std=1.0391 head_norm_mean=0.3809 head_norm_std=0.0199
[train] epoch=0 step=1150 loss=0.1097 a2t_avg=0.1395 i2t_avg=0.1445 emb_norm_mean=1.6328 emb_norm_std=1.0469 head_norm_mean=0.3809 head_norm_std=0.0199
[train] epoch=0 step=1200 loss=0.1152 a2t_avg=0.1398 i2t_avg=0.1451 emb_norm_mean=1.6406 emb_norm_std=1.0469 head_norm_mean=0.3809 head_norm_std=0.0199
[train] epoch=0 step=1250 loss=0.1860 a2t_avg=0.1398 i2t_avg=0.1449 emb_norm_mean=1.6406 emb_norm_std=1.0469 head_norm_mean=0.3809 head_norm_std=0.0199
[train] epoch=0 step=1300 loss=0.1077 a2t_avg=0.1400 i2t_avg=0.1438 emb_norm_mean=1.6406 emb_norm_std=1.0469 head_norm_mean=0.3809 head_norm_std=0.0199
[train] epoch=0 step=1350 loss=0.0339 a2t_avg=0.1400 i2t_avg=0.1438 emb_norm_mean=1.6406 emb_norm_std=1.0469 head_norm_mean=0.3809 head_norm_std=0.0199
[train] epoch=0 step=1400 loss=0.1601 a2t_avg=0.1403 i2t_avg=0.1434 emb_norm_mean=1.6406 emb_norm_std=1.0469 head_norm_mean=0.3809 head_norm_std=0.0199
[train] epoch=0 step=1450 loss=0.1177 a2t_avg=0.1401 i2t_avg=0.1438 emb_norm_mean=1.6406 emb_norm_std=1.0469 head_norm_mean=0.3809 head_norm_std=0.0199
[train] epoch=0 step=1500 loss=0.1629 a2t_avg=0.1401 i2t_avg=0.1429 emb_norm_mean=1.6484 emb_norm_std=1.0469 head_norm_mean=0.3809 head_norm_std=0.0199
[train] epoch=0 step=1550 loss=0.0929 a2t_avg=0.1406 i2t_avg=0.1426 emb_norm_mean=1.6484 emb_norm_std=1.0469 head_norm_mean=0.3809 head_norm_std=0.0199
[train] epoch=0 step=1600 loss=0.1158 a2t_avg=0.1403 i2t_avg=0.1423 emb_norm_mean=1.6484 emb_norm_std=1.0547 head_norm_mean=0.3809 head_norm_std=0.0200
[train] epoch=0 step=1650 loss=0.1567 a2t_avg=0.1398 i2t_avg=0.1419 emb_norm_mean=1.6484 emb_norm_std=1.0547 head_norm_mean=0.3809 head_norm_std=0.0200
[train] epoch=0 step=1700 loss=0.1691 a2t_avg=0.1399 i2t_avg=0.1427 emb_norm_mean=1.6484 emb_norm_std=1.0547 head_norm_mean=0.3809 head_norm_std=0.0200
[train] epoch=0 step=1750 loss=0.1334 a2t_avg=0.1398 i2t_avg=0.1428 emb_norm_mean=1.6484 emb_norm_std=1.0547 head_norm_mean=0.3809 head_norm_std=0.0200
[train] epoch=0 step=1800 loss=0.1102 a2t_avg=0.1395 i2t_avg=0.1426 emb_norm_mean=1.6562 emb_norm_std=1.0547 head_norm_mean=0.3809 head_norm_std=0.0200
[train] epoch=0 step=1850 loss=0.1484 a2t_avg=0.1396 i2t_avg=0.1426 emb_norm_mean=1.6562 emb_norm_std=1.0547 head_norm_mean=0.3809 head_norm_std=0.0200
[train] epoch=0 step=1900 loss=0.0984 a2t_avg=0.1398 i2t_avg=0.1430 emb_norm_mean=1.6562 emb_norm_std=1.0547 head_norm_mean=0.3809 head_norm_std=0.0200
[train] epoch=0 step=1950 loss=0.1507 a2t_avg=0.1397 i2t_avg=0.1423 emb_norm_mean=1.6562 emb_norm_std=1.0547 head_norm_mean=0.3809 head_norm_std=0.0200
[train] epoch=0 step=2000 loss=0.1335 a2t_avg=0.1395 i2t_avg=0.1425 emb_norm_mean=1.6562 emb_norm_std=1.0625 head_norm_mean=0.3809 head_norm_std=0.0201
[ablation] step=2000 audio={'loss_correct_mean': 2.3995597092434764, 'loss_shuffle_mean': 2.3380011124536395, 'loss_noise_mean': 2.6361946454271674, 'win_rate_shuffle': 0.515625, 'win_rate_noise': 0.765625, 'n_examples': 64.0} image={'loss_correct_mean': 3.548217013478279, 'loss_shuffle_mean': 3.55680438131094, 'loss_noise_mean': 4.09091179817915, 'win_rate_shuffle': 0.46875, 'win_rate_noise': 0.859375, 'n_examples': 64.0}
[train] epoch=0 step=2050 loss=0.1730 a2t_avg=0.1397 i2t_avg=0.1427 emb_norm_mean=1.6562 emb_norm_std=1.0625 head_norm_mean=0.3809 head_norm_std=0.0201
[train] epoch=0 step=2100 loss=0.1229 a2t_avg=0.1396 i2t_avg=0.1422 emb_norm_mean=1.6641 emb_norm_std=1.0625 head_norm_mean=0.3809 head_norm_std=0.0200
[train] epoch=0 step=2150 loss=0.1330 a2t_avg=0.1396 i2t_avg=0.1419 emb_norm_mean=1.6641 emb_norm_std=1.0625 head_norm_mean=0.3809 head_norm_std=0.0201
[train] epoch=0 step=2200 loss=0.1355 a2t_avg=0.1395 i2t_avg=0.1416 emb_norm_mean=1.6641 emb_norm_std=1.0625 head_norm_mean=0.3809 head_norm_std=0.0201
[train] epoch=0 step=2250 loss=0.1137 a2t_avg=0.1391 i2t_avg=0.1413 emb_norm_mean=1.6641 emb_norm_std=1.0625 head_norm_mean=0.3809 head_norm_std=0.0201
[train] epoch=0 step=2300 loss=0.1402 a2t_avg=0.1389 i2t_avg=0.1413 emb_norm_mean=1.6641 emb_norm_std=1.0625 head_norm_mean=0.3809 head_norm_std=0.0201
[train] epoch=0 step=2350 loss=0.1018 a2t_avg=0.1390 i2t_avg=0.1410 emb_norm_mean=1.6641 emb_norm_std=1.0625 head_norm_mean=0.3809 head_norm_std=0.0201
[train] epoch=0 step=2400 loss=0.1433 a2t_avg=0.1389 i2t_avg=0.1415 emb_norm_mean=1.6719 emb_norm_std=1.0625 head_norm_mean=0.3809 head_norm_std=0.0201
[train] epoch=0 step=2450 loss=0.1620 a2t_avg=0.1389 i2t_avg=0.1415 emb_norm_mean=1.6719 emb_norm_std=1.0703 head_norm_mean=0.3809 head_norm_std=0.0201
[train] epoch=0 step=2500 loss=0.3450 a2t_avg=0.1393 i2t_avg=0.1415 emb_norm_mean=1.6719 emb_norm_std=1.0703 head_norm_mean=0.3809 head_norm_std=0.0201
[train] epoch=0 step=2550 loss=0.1209 a2t_avg=0.1394 i2t_avg=0.1413 emb_norm_mean=1.6719 emb_norm_std=1.0703 head_norm_mean=0.3809 head_norm_std=0.0201
[train] epoch=0 step=2600 loss=0.0953 a2t_avg=0.1393 i2t_avg=0.1416 emb_norm_mean=1.6719 emb_norm_std=1.0703 head_norm_mean=0.3809 head_norm_std=0.0201
[train] epoch=0 step=2650 loss=0.2539 a2t_avg=0.1394 i2t_avg=0.1417 emb_norm_mean=1.6797 emb_norm_std=1.0703 head_norm_mean=0.3809 head_norm_std=0.0201
[train] epoch=0 step=2700 loss=0.1353 a2t_avg=0.1396 i2t_avg=0.1422 emb_norm_mean=1.6797 emb_norm_std=1.0703 head_norm_mean=0.3809 head_norm_std=0.0201
[train] epoch=0 step=2750 loss=0.1949 a2t_avg=0.1396 i2t_avg=0.1423 emb_norm_mean=1.6797 emb_norm_std=1.0703 head_norm_mean=0.3809 head_norm_std=0.0201
[train] epoch=0 step=2800 loss=0.2249 a2t_avg=0.1394 i2t_avg=0.1423 emb_norm_mean=1.6797 emb_norm_std=1.0703 head_norm_mean=0.3809 head_norm_std=0.0201
[train] epoch=0 step=2850 loss=0.2423 a2t_avg=0.1397 i2t_avg=0.1422 emb_norm_mean=1.6797 emb_norm_std=1.0781 head_norm_mean=0.3809 head_norm_std=0.0201
[train] epoch=0 step=2900 loss=0.0814 a2t_avg=0.1395 i2t_avg=0.1422 emb_norm_mean=1.6797 emb_norm_std=1.0781 head_norm_mean=0.3809 head_norm_std=0.0201
[train] epoch=0 step=2950 loss=0.2806 a2t_avg=0.1396 i2t_avg=0.1422 emb_norm_mean=1.6875 emb_norm_std=1.0781 head_norm_mean=0.3809 head_norm_std=0.0201
[train] epoch=0 step=3000 loss=0.1038 a2t_avg=0.1395 i2t_avg=0.1424 emb_norm_mean=1.6875 emb_norm_std=1.0781 head_norm_mean=0.3809 head_norm_std=0.0203
[ablation] step=3000 audio={'loss_correct_mean': 2.363464716821909, 'loss_shuffle_mean': 2.33191136457026, 'loss_noise_mean': 2.6839432157576084, 'win_rate_shuffle': 0.5625, 'win_rate_noise': 0.8125, 'n_examples': 64.0} image={'loss_correct_mean': 3.568688977509737, 'loss_shuffle_mean': 3.5442479699850082, 'loss_noise_mean': 4.047956857830286, 'win_rate_shuffle': 0.40625, 'win_rate_noise': 0.78125, 'n_examples': 64.0}
[train] epoch=0 step=3050 loss=0.1061 a2t_avg=0.1395 i2t_avg=0.1429 emb_norm_mean=1.6875 emb_norm_std=1.0781 head_norm_mean=0.3809 head_norm_std=0.0203
[train] epoch=0 step=3100 loss=0.1276 a2t_avg=0.1395 i2t_avg=0.1428 emb_norm_mean=1.6875 emb_norm_std=1.0781 head_norm_mean=0.3809 head_norm_std=0.0201
[train] epoch=0 step=3150 loss=0.2911 a2t_avg=0.1397 i2t_avg=0.1429 emb_norm_mean=1.6875 emb_norm_std=1.0781 head_norm_mean=0.3809 head_norm_std=0.0203
[train] epoch=0 step=3200 loss=0.1703 a2t_avg=0.1400 i2t_avg=0.1426 emb_norm_mean=1.6875 emb_norm_std=1.0781 head_norm_mean=0.3809 head_norm_std=0.0203
[train] epoch=0 step=3250 loss=0.1244 a2t_avg=0.1400 i2t_avg=0.1428 emb_norm_mean=1.6875 emb_norm_std=1.0781 head_norm_mean=0.3809 head_norm_std=0.0203
[train] epoch=0 step=3300 loss=0.1444 a2t_avg=0.1402 i2t_avg=0.1426 emb_norm_mean=1.6875 emb_norm_std=1.0781 head_norm_mean=0.3809 head_norm_std=0.0203
[train] epoch=0 step=3350 loss=0.1210 a2t_avg=0.1401 i2t_avg=0.1425 emb_norm_mean=1.6953 emb_norm_std=1.0781 head_norm_mean=0.3809 head_norm_std=0.0203
[train] epoch=0 step=3400 loss=0.1006 a2t_avg=0.1401 i2t_avg=0.1426 emb_norm_mean=1.6953 emb_norm_std=1.0781 head_norm_mean=0.3809 head_norm_std=0.0203
[train] epoch=0 step=3450 loss=0.1561 a2t_avg=0.1402 i2t_avg=0.1425 emb_norm_mean=1.6953 emb_norm_std=1.0859 head_norm_mean=0.3809 head_norm_std=0.0203
[train] epoch=0 step=3500 loss=0.0687 a2t_avg=0.1402 i2t_avg=0.1423 emb_norm_mean=1.6953 emb_norm_std=1.0859 head_norm_mean=0.3809 head_norm_std=0.0203
[train] epoch=0 step=3550 loss=0.1880 a2t_avg=0.1402 i2t_avg=0.1424 emb_norm_mean=1.6953 emb_norm_std=1.0859 head_norm_mean=0.3809 head_norm_std=0.0203
[train] epoch=0 step=3600 loss=0.1068 a2t_avg=0.1399 i2t_avg=0.1424 emb_norm_mean=1.6953 emb_norm_std=1.0859 head_norm_mean=0.3809 head_norm_std=0.0203
[train] epoch=0 step=3650 loss=0.1152 a2t_avg=0.1400 i2t_avg=0.1427 emb_norm_mean=1.7031 emb_norm_std=1.0859 head_norm_mean=0.3809 head_norm_std=0.0203
[train] epoch=0 step=3700 loss=0.0867 a2t_avg=0.1400 i2t_avg=0.1428 emb_norm_mean=1.7031 emb_norm_std=1.0859 head_norm_mean=0.3809 head_norm_std=0.0203
[train] epoch=0 step=3750 loss=0.0329 a2t_avg=0.1402 i2t_avg=0.1427 emb_norm_mean=1.7031 emb_norm_std=1.0859 head_norm_mean=0.3809 head_norm_std=0.0203
[train] epoch=0 step=3800 loss=0.0908 a2t_avg=0.1401 i2t_avg=0.1428 emb_norm_mean=1.7031 emb_norm_std=1.0859 head_norm_mean=0.3809 head_norm_std=0.0203
[train] epoch=0 step=3850 loss=0.2049 a2t_avg=0.1403 i2t_avg=0.1428 emb_norm_mean=1.7031 emb_norm_std=1.0859 head_norm_mean=0.3809 head_norm_std=0.0203
[train] epoch=0 step=3900 loss=0.1157 a2t_avg=0.1405 i2t_avg=0.1429 emb_norm_mean=1.7031 emb_norm_std=1.0938 head_norm_mean=0.3809 head_norm_std=0.0203
[train] epoch=0 step=3950 loss=0.1415 a2t_avg=0.1406 i2t_avg=0.1429 emb_norm_mean=1.7109 emb_norm_std=1.0938 head_norm_mean=0.3809 head_norm_std=0.0203
[train] epoch=0 step=4000 loss=0.1179 a2t_avg=0.1406 i2t_avg=0.1429 emb_norm_mean=1.7109 emb_norm_std=1.0938 head_norm_mean=0.3809 head_norm_std=0.0203
[ablation] step=4000 audio={'loss_correct_mean': 2.3438208485022187, 'loss_shuffle_mean': 2.3248840356245637, 'loss_noise_mean': 2.6700398540124297, 'win_rate_shuffle': 0.578125, 'win_rate_noise': 0.84375, 'n_examples': 64.0} image={'loss_correct_mean': 3.6239218525588512, 'loss_shuffle_mean': 3.60488236322999, 'loss_noise_mean': 4.07630142942071, 'win_rate_shuffle': 0.46875, 'win_rate_noise': 0.78125, 'n_examples': 64.0}
[train] epoch=0 step=4050 loss=0.1445 a2t_avg=0.1405 i2t_avg=0.1430 emb_norm_mean=1.7109 emb_norm_std=1.0938 head_norm_mean=0.3809 head_norm_std=0.0203
[train] epoch=0 step=4100 loss=0.1807 a2t_avg=0.1408 i2t_avg=0.1431 emb_norm_mean=1.7109 emb_norm_std=1.0938 head_norm_mean=0.3809 head_norm_std=0.0203
[train] epoch=0 step=4150 loss=0.0897 a2t_avg=0.1408 i2t_avg=0.1433 emb_norm_mean=1.7109 emb_norm_std=1.0938 head_norm_mean=0.3809 head_norm_std=0.0203
[train] epoch=0 step=4200 loss=0.1791 a2t_avg=0.1410 i2t_avg=0.1433 emb_norm_mean=1.7109 emb_norm_std=1.0938 head_norm_mean=0.3809 head_norm_std=0.0203
[train] epoch=0 step=4250 loss=0.0763 a2t_avg=0.1409 i2t_avg=0.1434 emb_norm_mean=1.7188 emb_norm_std=1.0938 head_norm_mean=0.3809 head_norm_std=0.0204
[train] epoch=0 step=4300 loss=0.1685 a2t_avg=0.1410 i2t_avg=0.1435 emb_norm_mean=1.7188 emb_norm_std=1.0938 head_norm_mean=0.3809 head_norm_std=0.0206
[train] epoch=0 step=4350 loss=0.0892 a2t_avg=0.1410 i2t_avg=0.1434 emb_norm_mean=1.7188 emb_norm_std=1.1016 head_norm_mean=0.3809 head_norm_std=0.0208
[train] epoch=0 step=4400 loss=0.0732 a2t_avg=0.1411 i2t_avg=0.1435 emb_norm_mean=1.7188 emb_norm_std=1.1016 head_norm_mean=0.3809 head_norm_std=0.0211
[train] epoch=0 step=4450 loss=0.1473 a2t_avg=0.1411 i2t_avg=0.1434 emb_norm_mean=1.7188 emb_norm_std=1.1016 head_norm_mean=0.3809 head_norm_std=0.0211
[train] epoch=0 step=4500 loss=0.2557 a2t_avg=0.1410 i2t_avg=0.1435 emb_norm_mean=1.7188 emb_norm_std=1.1016 head_norm_mean=0.3809 head_norm_std=0.0212
[train] epoch=0 step=4550 loss=0.2171 a2t_avg=0.1408 i2t_avg=0.1436 emb_norm_mean=1.7266 emb_norm_std=1.1016 head_norm_mean=0.3809 head_norm_std=0.0214
[train] epoch=0 step=4600 loss=0.0717 a2t_avg=0.1407 i2t_avg=0.1437 emb_norm_mean=1.7266 emb_norm_std=1.1016 head_norm_mean=0.3809 head_norm_std=0.0212
[train] epoch=0 step=4650 loss=0.1714 a2t_avg=0.1406 i2t_avg=0.1439 emb_norm_mean=1.7266 emb_norm_std=1.1016 head_norm_mean=0.3809 head_norm_std=0.0211
[train] epoch=0 step=4700 loss=0.1088 a2t_avg=0.1405 i2t_avg=0.1437 emb_norm_mean=1.7266 emb_norm_std=1.1016 head_norm_mean=0.3809 head_norm_std=0.0214
[train] epoch=0 step=4750 loss=0.1897 a2t_avg=0.1405 i2t_avg=0.1437 emb_norm_mean=1.7266 emb_norm_std=1.1016 head_norm_mean=0.3809 head_norm_std=0.0215
[train] epoch=0 step=4800 loss=0.1304 a2t_avg=0.1404 i2t_avg=0.1437 emb_norm_mean=1.7266 emb_norm_std=1.1094 head_norm_mean=0.3809 head_norm_std=0.0216
[train] epoch=0 step=4850 loss=0.1345 a2t_avg=0.1404 i2t_avg=0.1436 emb_norm_mean=1.7344 emb_norm_std=1.1094 head_norm_mean=0.3809 head_norm_std=0.0217
[train] epoch=0 step=4900 loss=0.1026 a2t_avg=0.1404 i2t_avg=0.1439 emb_norm_mean=1.7344 emb_norm_std=1.1094 head_norm_mean=0.3809 head_norm_std=0.0220
[train] epoch=0 step=4950 loss=0.1700 a2t_avg=0.1404 i2t_avg=0.1441 emb_norm_mean=1.7344 emb_norm_std=1.1094 head_norm_mean=0.3809 head_norm_std=0.0221
[train] epoch=0 step=5000 loss=0.1057 a2t_avg=0.1403 i2t_avg=0.1442 emb_norm_mean=1.7344 emb_norm_std=1.1094 head_norm_mean=0.3809 head_norm_std=0.0220
[ablation] step=5000 audio={'loss_correct_mean': 2.4772681947797537, 'loss_shuffle_mean': 2.3434076020494103, 'loss_noise_mean': 2.747277170419693, 'win_rate_shuffle': 0.4375, 'win_rate_noise': 0.8125, 'n_examples': 64.0} image={'loss_correct_mean': 3.510486289858818, 'loss_shuffle_mean': 3.5157634168863297, 'loss_noise_mean': 4.005780067294836, 'win_rate_shuffle': 0.46875, 'win_rate_noise': 0.859375, 'n_examples': 64.0}
[train] epoch=0 step=5050 loss=0.1277 a2t_avg=0.1402 i2t_avg=0.1442 emb_norm_mean=1.7344 emb_norm_std=1.1094 head_norm_mean=0.3809 head_norm_std=0.0221
[train] epoch=0 step=5100 loss=0.1197 a2t_avg=0.1402 i2t_avg=0.1445 emb_norm_mean=1.7344 emb_norm_std=1.1094 head_norm_mean=0.3809 head_norm_std=0.0221
[train] epoch=0 step=5150 loss=0.1122 a2t_avg=0.1402 i2t_avg=0.1445 emb_norm_mean=1.7344 emb_norm_std=1.1094 head_norm_mean=0.3809 head_norm_std=0.0222
[train] epoch=0 step=5200 loss=0.1138 a2t_avg=0.1403 i2t_avg=0.1448 emb_norm_mean=1.7422 emb_norm_std=1.1094 head_norm_mean=0.3809 head_norm_std=0.0226
[train] epoch=0 step=5250 loss=0.1008 a2t_avg=0.1402 i2t_avg=0.1449 emb_norm_mean=1.7422 emb_norm_std=1.1094 head_norm_mean=0.3809 head_norm_std=0.0228
[train] epoch=0 step=5300 loss=0.1167 a2t_avg=0.1402 i2t_avg=0.1451 emb_norm_mean=1.7422 emb_norm_std=1.1172 head_norm_mean=0.3809 head_norm_std=0.0232
[train] epoch=0 step=5350 loss=0.1233 a2t_avg=0.1402 i2t_avg=0.1450 emb_norm_mean=1.7422 emb_norm_std=1.1172 head_norm_mean=0.3809 head_norm_std=0.0233
[train] epoch=0 step=5400 loss=0.0832 a2t_avg=0.1402 i2t_avg=0.1449 emb_norm_mean=1.7422 emb_norm_std=1.1172 head_norm_mean=0.3809 head_norm_std=0.0236
[train] epoch=0 step=5450 loss=0.1525 a2t_avg=0.1403 i2t_avg=0.1451 emb_norm_mean=1.7422 emb_norm_std=1.1172 head_norm_mean=0.3809 head_norm_std=0.0237
[train] epoch=0 step=5500 loss=0.1287 a2t_avg=0.1404 i2t_avg=0.1451 emb_norm_mean=1.7500 emb_norm_std=1.1172 head_norm_mean=0.3809 head_norm_std=0.0237
[train] epoch=0 step=5550 loss=0.2069 a2t_avg=0.1404 i2t_avg=0.1453 emb_norm_mean=1.7500 emb_norm_std=1.1172 head_norm_mean=0.3809 head_norm_std=0.0236
[train] epoch=0 step=5600 loss=0.1155 a2t_avg=0.1406 i2t_avg=0.1451 emb_norm_mean=1.7500 emb_norm_std=1.1172 head_norm_mean=0.3809 head_norm_std=0.0236
[train] epoch=0 step=5650 loss=0.0752 a2t_avg=0.1406 i2t_avg=0.1452 emb_norm_mean=1.7500 emb_norm_std=1.1172 head_norm_mean=0.3809 head_norm_std=0.0236
[train] epoch=0 step=5700 loss=0.1677 a2t_avg=0.1407 i2t_avg=0.1453 emb_norm_mean=1.7500 emb_norm_std=1.1172 head_norm_mean=0.3809 head_norm_std=0.0236
[train] epoch=0 step=5750 loss=0.1341 a2t_avg=0.1408 i2t_avg=0.1455 emb_norm_mean=1.7500 emb_norm_std=1.1172 head_norm_mean=0.3809 head_norm_std=0.0236
[train] epoch=0 step=5800 loss=0.1703 a2t_avg=0.1407 i2t_avg=0.1457 emb_norm_mean=1.7500 emb_norm_std=1.1172 head_norm_mean=0.3809 head_norm_std=0.0236
[train] epoch=0 step=5850 loss=0.0672 a2t_avg=0.1407 i2t_avg=0.1455 emb_norm_mean=1.7500 emb_norm_std=1.1172 head_norm_mean=0.3809 head_norm_std=0.0237
[train] epoch=0 step=5900 loss=0.1498 a2t_avg=0.1408 i2t_avg=0.1457 emb_norm_mean=1.7500 emb_norm_std=1.1250 head_norm_mean=0.3809 head_norm_std=0.0237
[train] epoch=0 step=5950 loss=0.1320 a2t_avg=0.1410 i2t_avg=0.1460 emb_norm_mean=1.7500 emb_norm_std=1.1250 head_norm_mean=0.3809 head_norm_std=0.0237
[train] epoch=0 step=6000 loss=0.1230 a2t_avg=0.1410 i2t_avg=0.1461 emb_norm_mean=1.7578 emb_norm_std=1.1250 head_norm_mean=0.3809 head_norm_std=0.0238
[ablation] step=6000 audio={'loss_correct_mean': 2.458212396129966, 'loss_shuffle_mean': 2.3507356392219663, 'loss_noise_mean': 2.7007281919941306, 'win_rate_shuffle': 0.4375, 'win_rate_noise': 0.78125, 'n_examples': 64.0} image={'loss_correct_mean': 3.5663099624216557, 'loss_shuffle_mean': 3.5490387305617332, 'loss_noise_mean': 4.094343412667513, 'win_rate_shuffle': 0.453125, 'win_rate_noise': 0.84375, 'n_examples': 64.0}
[train] epoch=0 step=6050 loss=0.1216 a2t_avg=0.1409 i2t_avg=0.1461 emb_norm_mean=1.7578 emb_norm_std=1.1250 head_norm_mean=0.3809 head_norm_std=0.0239
[train] epoch=0 step=6100 loss=0.0732 a2t_avg=0.1409 i2t_avg=0.1461 emb_norm_mean=1.7578 emb_norm_std=1.1250 head_norm_mean=0.3809 head_norm_std=0.0239
[train] epoch=0 step=6150 loss=0.1365 a2t_avg=0.1409 i2t_avg=0.1461 emb_norm_mean=1.7578 emb_norm_std=1.1250 head_norm_mean=0.3809 head_norm_std=0.0239
[train] epoch=0 step=6200 loss=0.1442 a2t_avg=0.1410 i2t_avg=0.1462 emb_norm_mean=1.7578 emb_norm_std=1.1250 head_norm_mean=0.3809 head_norm_std=0.0239
[train] epoch=0 step=6250 loss=0.1514 a2t_avg=0.1411 i2t_avg=0.1463 emb_norm_mean=1.7578 emb_norm_std=1.1250 head_norm_mean=0.3809 head_norm_std=0.0239
[train] epoch=0 step=6300 loss=0.1906 a2t_avg=0.1411 i2t_avg=0.1465 emb_norm_mean=1.7578 emb_norm_std=1.1250 head_norm_mean=0.3809 head_norm_std=0.0239
[train] epoch=0 step=6350 loss=0.1191 a2t_avg=0.1412 i2t_avg=0.1463 emb_norm_mean=1.7578 emb_norm_std=1.1250 head_norm_mean=0.3809 head_norm_std=0.0240
[train] epoch=0 step=6400 loss=0.1222 a2t_avg=0.1412 i2t_avg=0.1465 emb_norm_mean=1.7656 emb_norm_std=1.1250 head_norm_mean=0.3809 head_norm_std=0.0242
[train] epoch=0 step=6450 loss=0.1348 a2t_avg=0.1413 i2t_avg=0.1465 emb_norm_mean=1.7656 emb_norm_std=1.1250 head_norm_mean=0.3809 head_norm_std=0.0243
[train] epoch=0 step=6500 loss=0.2337 a2t_avg=0.1414 i2t_avg=0.1467 emb_norm_mean=1.7656 emb_norm_std=1.1328 head_norm_mean=0.3809 head_norm_std=0.0244
[train] epoch=0 step=6550 loss=0.1641 a2t_avg=0.1415 i2t_avg=0.1466 emb_norm_mean=1.7656 emb_norm_std=1.1328 head_norm_mean=0.3809 head_norm_std=0.0244
[train] epoch=0 step=6600 loss=0.0894 a2t_avg=0.1415 i2t_avg=0.1466 emb_norm_mean=1.7656 emb_norm_std=1.1328 head_norm_mean=0.3809 head_norm_std=0.0244
[train] epoch=0 step=6650 loss=0.2130 a2t_avg=0.1416 i2t_avg=0.1467 emb_norm_mean=1.7656 emb_norm_std=1.1328 head_norm_mean=0.3809 head_norm_std=0.0244
[train] epoch=0 step=6700 loss=0.0863 a2t_avg=0.1416 i2t_avg=0.1468 emb_norm_mean=1.7656 emb_norm_std=1.1328 head_norm_mean=0.3809 head_norm_std=0.0245
[train] epoch=0 step=6750 loss=0.1976 a2t_avg=0.1416 i2t_avg=0.1468 emb_norm_mean=1.7734 emb_norm_std=1.1328 head_norm_mean=0.3809 head_norm_std=0.0245
[train] epoch=0 step=6800 loss=0.1731 a2t_avg=0.1415 i2t_avg=0.1468 emb_norm_mean=1.7734 emb_norm_std=1.1328 head_norm_mean=0.3809 head_norm_std=0.0245
[train] epoch=0 step=6850 loss=0.0795 a2t_avg=0.1415 i2t_avg=0.1469 emb_norm_mean=1.7734 emb_norm_std=1.1328 head_norm_mean=0.3809 head_norm_std=0.0244
[train] epoch=0 step=6900 loss=0.1626 a2t_avg=0.1414 i2t_avg=0.1470 emb_norm_mean=1.7734 emb_norm_std=1.1328 head_norm_mean=0.3809 head_norm_std=0.0244
[train] epoch=0 step=6950 loss=0.0630 a2t_avg=0.1414 i2t_avg=0.1470 emb_norm_mean=1.7734 emb_norm_std=1.1406 head_norm_mean=0.3809 head_norm_std=0.0244
[train] epoch=0 step=7000 loss=0.1214 a2t_avg=0.1415 i2t_avg=0.1469 emb_norm_mean=1.7812 emb_norm_std=1.1406 head_norm_mean=0.3809 head_norm_std=0.0244
[ablation] step=7000 audio={'loss_correct_mean': 2.304183341562748, 'loss_shuffle_mean': 2.3100108075886965, 'loss_noise_mean': 2.6955731138587, 'win_rate_shuffle': 0.46875, 'win_rate_noise': 0.828125, 'n_examples': 64.0} image={'loss_correct_mean': 3.664613001048565, 'loss_shuffle_mean': 3.6481372229754925, 'loss_noise_mean': 4.001750662922859, 'win_rate_shuffle': 0.421875, 'win_rate_noise': 0.78125, 'n_examples': 64.0}
[train] epoch=0 step=7050 loss=0.1402 a2t_avg=0.1414 i2t_avg=0.1470 emb_norm_mean=1.7812 emb_norm_std=1.1406 head_norm_mean=0.3809 head_norm_std=0.0244
[train] epoch=0 step=7100 loss=0.2107 a2t_avg=0.1414 i2t_avg=0.1470 emb_norm_mean=1.7812 emb_norm_std=1.1406 head_norm_mean=0.3809 head_norm_std=0.0244
[train] epoch=0 step=7150 loss=0.1129 a2t_avg=0.1414 i2t_avg=0.1471 emb_norm_mean=1.7812 emb_norm_std=1.1406 head_norm_mean=0.3809 head_norm_std=0.0244
[train] epoch=0 step=7200 loss=0.2133 a2t_avg=0.1415 i2t_avg=0.1472 emb_norm_mean=1.7812 emb_norm_std=1.1406 head_norm_mean=0.3809 head_norm_std=0.0244
[train] epoch=0 step=7250 loss=0.1730 a2t_avg=0.1414 i2t_avg=0.1473 emb_norm_mean=1.7812 emb_norm_std=1.1406 head_norm_mean=0.3809 head_norm_std=0.0244
[train] epoch=0 step=7300 loss=0.1363 a2t_avg=0.1414 i2t_avg=0.1474 emb_norm_mean=1.7891 emb_norm_std=1.1406 head_norm_mean=0.3809 head_norm_std=0.0245
[train] epoch=0 step=7350 loss=0.1771 a2t_avg=0.1415 i2t_avg=0.1474 emb_norm_mean=1.7891 emb_norm_std=1.1484 head_norm_mean=0.3809 head_norm_std=0.0247
[train] epoch=0 step=7400 loss=0.0528 a2t_avg=0.1415 i2t_avg=0.1474 emb_norm_mean=1.7891 emb_norm_std=1.1484 head_norm_mean=0.3809 head_norm_std=0.0247
[train] epoch=0 step=7450 loss=0.1642 a2t_avg=0.1415 i2t_avg=0.1474 emb_norm_mean=1.7891 emb_norm_std=1.1484 head_norm_mean=0.3809 head_norm_std=0.0247
[train] epoch=0 step=7500 loss=0.1114 a2t_avg=0.1416 i2t_avg=0.1475 emb_norm_mean=1.7891 emb_norm_std=1.1484 head_norm_mean=0.3809 head_norm_std=0.0247
[train] epoch=0 step=7550 loss=0.1317 a2t_avg=0.1416 i2t_avg=0.1476 emb_norm_mean=1.7969 emb_norm_std=1.1484 head_norm_mean=0.3809 head_norm_std=0.0247
[train] epoch=0 step=7600 loss=0.1445 a2t_avg=0.1415 i2t_avg=0.1478 emb_norm_mean=1.7969 emb_norm_std=1.1484 head_norm_mean=0.3809 head_norm_std=0.0247
[train] epoch=0 step=7650 loss=0.2266 a2t_avg=0.1415 i2t_avg=0.1478 emb_norm_mean=1.7969 emb_norm_std=1.1484 head_norm_mean=0.3809 head_norm_std=0.0247
[train] epoch=0 step=7700 loss=0.0856 a2t_avg=0.1415 i2t_avg=0.1479 emb_norm_mean=1.7969 emb_norm_std=1.1484 head_norm_mean=0.3809 head_norm_std=0.0247
[train] epoch=0 step=7750 loss=0.0830 a2t_avg=0.1414 i2t_avg=0.1479 emb_norm_mean=1.7969 emb_norm_std=1.1484 head_norm_mean=0.3809 head_norm_std=0.0247
[train] epoch=0 step=7800 loss=0.3643 a2t_avg=0.1415 i2t_avg=0.1480 emb_norm_mean=1.7969 emb_norm_std=1.1562 head_norm_mean=0.3809 head_norm_std=0.0247
[train] epoch=0 step=7850 loss=0.1117 a2t_avg=0.1414 i2t_avg=0.1479 emb_norm_mean=1.7969 emb_norm_std=1.1562 head_norm_mean=0.3809 head_norm_std=0.0247
[train] epoch=0 step=7900 loss=0.0701 a2t_avg=0.1413 i2t_avg=0.1478 emb_norm_mean=1.8047 emb_norm_std=1.1562 head_norm_mean=0.3809 head_norm_std=0.0247
[train] epoch=0 step=7950 loss=0.1082 a2t_avg=0.1412 i2t_avg=0.1480 emb_norm_mean=1.8047 emb_norm_std=1.1562 head_norm_mean=0.3809 head_norm_std=0.0247
[train] epoch=0 step=8000 loss=0.1614 a2t_avg=0.1412 i2t_avg=0.1480 emb_norm_mean=1.8047 emb_norm_std=1.1562 head_norm_mean=0.3809 head_norm_std=0.0248
[ablation] step=8000 audio={'loss_correct_mean': 2.312062974087894, 'loss_shuffle_mean': 2.3228183072060347, 'loss_noise_mean': 2.6737011652439833, 'win_rate_shuffle': 0.484375, 'win_rate_noise': 0.796875, 'n_examples': 64.0} image={'loss_correct_mean': 3.5337654687464237, 'loss_shuffle_mean': 3.5336370021104813, 'loss_noise_mean': 3.988522093743086, 'win_rate_shuffle': 0.546875, 'win_rate_noise': 0.875, 'n_examples': 64.0}
[train] epoch=0 step=8050 loss=0.1793 a2t_avg=0.1413 i2t_avg=0.1479 emb_norm_mean=1.8047 emb_norm_std=1.1562 head_norm_mean=0.3809 head_norm_std=0.0248
[train] epoch=0 step=8100 loss=0.0938 a2t_avg=0.1412 i2t_avg=0.1480 emb_norm_mean=1.8047 emb_norm_std=1.1562 head_norm_mean=0.3809 head_norm_std=0.0248
[train] epoch=0 step=8150 loss=0.0892 a2t_avg=0.1411 i2t_avg=0.1480 emb_norm_mean=1.8047 emb_norm_std=1.1562 head_norm_mean=0.3809 head_norm_std=0.0248
[train] epoch=1 step=8200 loss=0.1099 a2t_avg=0.1411 i2t_avg=0.1481 emb_norm_mean=1.8125 emb_norm_std=1.1562 head_norm_mean=0.3809 head_norm_std=0.0248
[train] epoch=1 step=8250 loss=0.0786 a2t_avg=0.1410 i2t_avg=0.1479 emb_norm_mean=1.8125 emb_norm_std=1.1562 head_norm_mean=0.3809 head_norm_std=0.0248
[train] epoch=1 step=8300 loss=0.0837 a2t_avg=0.1409 i2t_avg=0.1477 emb_norm_mean=1.8125 emb_norm_std=1.1641 head_norm_mean=0.3809 head_norm_std=0.0248
[train] epoch=1 step=8350 loss=0.2234 a2t_avg=0.1409 i2t_avg=0.1477 emb_norm_mean=1.8125 emb_norm_std=1.1641 head_norm_mean=0.3809 head_norm_std=0.0248
[train] epoch=1 step=8400 loss=0.0903 a2t_avg=0.1408 i2t_avg=0.1474 emb_norm_mean=1.8125 emb_norm_std=1.1641 head_norm_mean=0.3809 head_norm_std=0.0248
[train] epoch=1 step=8450 loss=0.1319 a2t_avg=0.1407 i2t_avg=0.1472 emb_norm_mean=1.8125 emb_norm_std=1.1641 head_norm_mean=0.3809 head_norm_std=0.0248
[train] epoch=1 step=8500 loss=0.0925 a2t_avg=0.1407 i2t_avg=0.1470 emb_norm_mean=1.8125 emb_norm_std=1.1641 head_norm_mean=0.3809 head_norm_std=0.0248
[train] epoch=1 step=8550 loss=0.2304 a2t_avg=0.1406 i2t_avg=0.1469 emb_norm_mean=1.8203 emb_norm_std=1.1641 head_norm_mean=0.3809 head_norm_std=0.0248
[train] epoch=1 step=8600 loss=0.1266 a2t_avg=0.1405 i2t_avg=0.1468 emb_norm_mean=1.8203 emb_norm_std=1.1641 head_norm_mean=0.3809 head_norm_std=0.0248
[train] epoch=1 step=8650 loss=0.0940 a2t_avg=0.1404 i2t_avg=0.1467 emb_norm_mean=1.8203 emb_norm_std=1.1641 head_norm_mean=0.3809 head_norm_std=0.0248
[train] epoch=1 step=8700 loss=0.1295 a2t_avg=0.1404 i2t_avg=0.1465 emb_norm_mean=1.8203 emb_norm_std=1.1641 head_norm_mean=0.3809 head_norm_std=0.0248
[train] epoch=1 step=8750 loss=0.1739 a2t_avg=0.1404 i2t_avg=0.1465 emb_norm_mean=1.8203 emb_norm_std=1.1641 head_norm_mean=0.3809 head_norm_std=0.0248
[train] epoch=1 step=8800 loss=0.1945 a2t_avg=0.1404 i2t_avg=0.1463 emb_norm_mean=1.8203 emb_norm_std=1.1719 head_norm_mean=0.3809 head_norm_std=0.0249
[train] epoch=1 step=8850 loss=0.0546 a2t_avg=0.1404 i2t_avg=0.1462 emb_norm_mean=1.8203 emb_norm_std=1.1719 head_norm_mean=0.3809 head_norm_std=0.0249
[train] epoch=1 step=8900 loss=0.1982 a2t_avg=0.1404 i2t_avg=0.1460 emb_norm_mean=1.8281 emb_norm_std=1.1719 head_norm_mean=0.3809 head_norm_std=0.0249
[train] epoch=1 step=8950 loss=0.0885 a2t_avg=0.1403 i2t_avg=0.1459 emb_norm_mean=1.8281 emb_norm_std=1.1719 head_norm_mean=0.3809 head_norm_std=0.0249
[train] epoch=1 step=9000 loss=0.1905 a2t_avg=0.1402 i2t_avg=0.1458 emb_norm_mean=1.8281 emb_norm_std=1.1719 head_norm_mean=0.3809 head_norm_std=0.0249
[ablation] step=9000 audio={'loss_correct_mean': 2.3360274881124496, 'loss_shuffle_mean': 2.3234658194705844, 'loss_noise_mean': 2.7669401224702597, 'win_rate_shuffle': 0.46875, 'win_rate_noise': 0.796875, 'n_examples': 64.0} image={'loss_correct_mean': 3.750032529234886, 'loss_shuffle_mean': 3.7249522283673286, 'loss_noise_mean': 4.1172275729477406, 'win_rate_shuffle': 0.46875, 'win_rate_noise': 0.6875, 'n_examples': 64.0}
[train] epoch=1 step=9050 loss=0.1553 a2t_avg=0.1401 i2t_avg=0.1456 emb_norm_mean=1.8281 emb_norm_std=1.1719 head_norm_mean=0.3809 head_norm_std=0.0249
[train] epoch=1 step=9100 loss=0.1188 a2t_avg=0.1400 i2t_avg=0.1454 emb_norm_mean=1.8281 emb_norm_std=1.1719 head_norm_mean=0.3809 head_norm_std=0.0248
[train] epoch=1 step=9150 loss=0.1223 a2t_avg=0.1400 i2t_avg=0.1453 emb_norm_mean=1.8281 emb_norm_std=1.1719 head_norm_mean=0.3809 head_norm_std=0.0248
[train] epoch=1 step=9200 loss=0.1229 a2t_avg=0.1400 i2t_avg=0.1451 emb_norm_mean=1.8359 emb_norm_std=1.1719 head_norm_mean=0.3809 head_norm_std=0.0248
[train] epoch=1 step=9250 loss=0.1688 a2t_avg=0.1399 i2t_avg=0.1451 emb_norm_mean=1.8359 emb_norm_std=1.1797 head_norm_mean=0.3809 head_norm_std=0.0249
[train] epoch=1 step=9300 loss=0.0796 a2t_avg=0.1399 i2t_avg=0.1449 emb_norm_mean=1.8359 emb_norm_std=1.1797 head_norm_mean=0.3809 head_norm_std=0.0249
[train] epoch=1 step=9350 loss=0.1033 a2t_avg=0.1398 i2t_avg=0.1448 emb_norm_mean=1.8359 emb_norm_std=1.1797 head_norm_mean=0.3809 head_norm_std=0.0249
[train] epoch=1 step=9400 loss=0.1749 a2t_avg=0.1398 i2t_avg=0.1447 emb_norm_mean=1.8359 emb_norm_std=1.1797 head_norm_mean=0.3809 head_norm_std=0.0249
[train] epoch=1 step=9450 loss=0.1034 a2t_avg=0.1398 i2t_avg=0.1446 emb_norm_mean=1.8359 emb_norm_std=1.1797 head_norm_mean=0.3809 head_norm_std=0.0249
[train] epoch=1 step=9500 loss=0.0877 a2t_avg=0.1397 i2t_avg=0.1445 emb_norm_mean=1.8359 emb_norm_std=1.1797 head_norm_mean=0.3809 head_norm_std=0.0249
[train] epoch=1 step=9550 loss=0.0898 a2t_avg=0.1397 i2t_avg=0.1443 emb_norm_mean=1.8359 emb_norm_std=1.1797 head_norm_mean=0.3809 head_norm_std=0.0249
[train] epoch=1 step=9600 loss=0.2285 a2t_avg=0.1397 i2t_avg=0.1442 emb_norm_mean=1.8438 emb_norm_std=1.1797 head_norm_mean=0.3809 head_norm_std=0.0249
[train] epoch=1 step=9650 loss=0.1266 a2t_avg=0.1396 i2t_avg=0.1440 emb_norm_mean=1.8438 emb_norm_std=1.1797 head_norm_mean=0.3809 head_norm_std=0.0249
[train] epoch=1 step=9700 loss=0.1734 a2t_avg=0.1396 i2t_avg=0.1440 emb_norm_mean=1.8438 emb_norm_std=1.1797 head_norm_mean=0.3809 head_norm_std=0.0249
[train] epoch=1 step=9750 loss=0.0780 a2t_avg=0.1395 i2t_avg=0.1438 emb_norm_mean=1.8438 emb_norm_std=1.1875 head_norm_mean=0.3809 head_norm_std=0.0249
[train] epoch=1 step=9800 loss=0.1396 a2t_avg=0.1395 i2t_avg=0.1437 emb_norm_mean=1.8438 emb_norm_std=1.1875 head_norm_mean=0.3809 head_norm_std=0.0249
[train] epoch=1 step=9850 loss=0.1033 a2t_avg=0.1395 i2t_avg=0.1436 emb_norm_mean=1.8438 emb_norm_std=1.1875 head_norm_mean=0.3809 head_norm_std=0.0249
[train] epoch=1 step=9900 loss=0.0858 a2t_avg=0.1394 i2t_avg=0.1434 emb_norm_mean=1.8516 emb_norm_std=1.1875 head_norm_mean=0.3809 head_norm_std=0.0249
[train] epoch=1 step=9950 loss=0.1827 a2t_avg=0.1394 i2t_avg=0.1432 emb_norm_mean=1.8516 emb_norm_std=1.1875 head_norm_mean=0.3809 head_norm_std=0.0249
[train] epoch=1 step=10000 loss=0.1154 a2t_avg=0.1395 i2t_avg=0.1431 emb_norm_mean=1.8516 emb_norm_std=1.1875 head_norm_mean=0.3809 head_norm_std=0.0249
[ablation] step=10000 audio={'loss_correct_mean': 2.332073075696826, 'loss_shuffle_mean': 2.3341995161026716, 'loss_noise_mean': 2.831861261278391, 'win_rate_shuffle': 0.53125, 'win_rate_noise': 0.828125, 'n_examples': 64.0} image={'loss_correct_mean': 3.7673590518534184, 'loss_shuffle_mean': 3.74206455424428, 'loss_noise_mean': 4.208461385220289, 'win_rate_shuffle': 0.4375, 'win_rate_noise': 0.78125, 'n_examples': 64.0}
[train] epoch=1 step=10050 loss=0.1267 a2t_avg=0.1394 i2t_avg=0.1431 emb_norm_mean=1.8516 emb_norm_std=1.1875 head_norm_mean=0.3809 head_norm_std=0.0249
[train] epoch=1 step=10100 loss=0.1111 a2t_avg=0.1394 i2t_avg=0.1429 emb_norm_mean=1.8516 emb_norm_std=1.1875 head_norm_mean=0.3809 head_norm_std=0.0249
[train] epoch=1 step=10150 loss=0.1500 a2t_avg=0.1394 i2t_avg=0.1426 emb_norm_mean=1.8516 emb_norm_std=1.1875 head_norm_mean=0.3809 head_norm_std=0.0249
[train] epoch=1 step=10200 loss=0.0796 a2t_avg=0.1394 i2t_avg=0.1425 emb_norm_mean=1.8516 emb_norm_std=1.1875 head_norm_mean=0.3809 head_norm_std=0.0249
[train] epoch=1 step=10250 loss=0.1224 a2t_avg=0.1394 i2t_avg=0.1423 emb_norm_mean=1.8594 emb_norm_std=1.1953 head_norm_mean=0.3809 head_norm_std=0.0249
[train] epoch=1 step=10300 loss=0.1355 a2t_avg=0.1394 i2t_avg=0.1423 emb_norm_mean=1.8594 emb_norm_std=1.1953 head_norm_mean=0.3809 head_norm_std=0.0249
[train] epoch=1 step=10350 loss=0.1217 a2t_avg=0.1394 i2t_avg=0.1423 emb_norm_mean=1.8594 emb_norm_std=1.1953 head_norm_mean=0.3809 head_norm_std=0.0250
[train] epoch=1 step=10400 loss=0.0985 a2t_avg=0.1393 i2t_avg=0.1422 emb_norm_mean=1.8594 emb_norm_std=1.1953 head_norm_mean=0.3809 head_norm_std=0.0250
[train] epoch=1 step=10450 loss=0.1245 a2t_avg=0.1393 i2t_avg=0.1421 emb_norm_mean=1.8594 emb_norm_std=1.1953 head_norm_mean=0.3809 head_norm_std=0.0250
[train] epoch=1 step=10500 loss=0.1273 a2t_avg=0.1392 i2t_avg=0.1420 emb_norm_mean=1.8594 emb_norm_std=1.1953 head_norm_mean=0.3809 head_norm_std=0.0250
[train] epoch=1 step=10550 loss=0.1220 a2t_avg=0.1392 i2t_avg=0.1421 emb_norm_mean=1.8594 emb_norm_std=1.1953 head_norm_mean=0.3809 head_norm_std=0.0250
[train] epoch=1 step=10600 loss=0.1761 a2t_avg=0.1392 i2t_avg=0.1421 emb_norm_mean=1.8672 emb_norm_std=1.1953 head_norm_mean=0.3809 head_norm_std=0.0250
[train] epoch=1 step=10650 loss=0.0852 a2t_avg=0.1391 i2t_avg=0.1421 emb_norm_mean=1.8672 emb_norm_std=1.1953 head_norm_mean=0.3809 head_norm_std=0.0250
[train] epoch=1 step=10700 loss=0.2010 a2t_avg=0.1392 i2t_avg=0.1420 emb_norm_mean=1.8672 emb_norm_std=1.1953 head_norm_mean=0.3809 head_norm_std=0.0250
[train] epoch=1 step=10750 loss=0.1760 a2t_avg=0.1392 i2t_avg=0.1419 emb_norm_mean=1.8672 emb_norm_std=1.2031 head_norm_mean=0.3809 head_norm_std=0.0250
[train] epoch=1 step=10800 loss=0.1581 a2t_avg=0.1392 i2t_avg=0.1418 emb_norm_mean=1.8672 emb_norm_std=1.2031 head_norm_mean=0.3809 head_norm_std=0.0250
[train] epoch=1 step=10850 loss=0.1199 a2t_avg=0.1391 i2t_avg=0.1417 emb_norm_mean=1.8672 emb_norm_std=1.2031 head_norm_mean=0.3809 head_norm_std=0.0250
[train] epoch=1 step=10900 loss=0.1153 a2t_avg=0.1392 i2t_avg=0.1416 emb_norm_mean=1.8750 emb_norm_std=1.2031 head_norm_mean=0.3809 head_norm_std=0.0250
[train] epoch=1 step=10950 loss=0.1665 a2t_avg=0.1391 i2t_avg=0.1416 emb_norm_mean=1.8750 emb_norm_std=1.2031 head_norm_mean=0.3809 head_norm_std=0.0251
[train] epoch=1 step=11000 loss=0.1456 a2t_avg=0.1391 i2t_avg=0.1415 emb_norm_mean=1.8750 emb_norm_std=1.2031 head_norm_mean=0.3809 head_norm_std=0.0251
[ablation] step=11000 audio={'loss_correct_mean': 2.3448447678238153, 'loss_shuffle_mean': 2.3518305933102965, 'loss_noise_mean': 2.7637635227292776, 'win_rate_shuffle': 0.5625, 'win_rate_noise': 0.75, 'n_examples': 64.0} image={'loss_correct_mean': 3.820757508277893, 'loss_shuffle_mean': 3.8058614023029804, 'loss_noise_mean': 4.152398373931646, 'win_rate_shuffle': 0.453125, 'win_rate_noise': 0.6875, 'n_examples': 64.0}
[train] epoch=1 step=11050 loss=0.1649 a2t_avg=0.1391 i2t_avg=0.1414 emb_norm_mean=1.8750 emb_norm_std=1.2031 head_norm_mean=0.3809 head_norm_std=0.0251
[train] epoch=1 step=11100 loss=0.0439 a2t_avg=0.1391 i2t_avg=0.1413 emb_norm_mean=1.8750 emb_norm_std=1.2031 head_norm_mean=0.3809 head_norm_std=0.0251
[train] epoch=1 step=11150 loss=0.1241 a2t_avg=0.1391 i2t_avg=0.1412 emb_norm_mean=1.8750 emb_norm_std=1.2031 head_norm_mean=0.3809 head_norm_std=0.0251
[train] epoch=1 step=11200 loss=0.1371 a2t_avg=0.1391 i2t_avg=0.1411 emb_norm_mean=1.8750 emb_norm_std=1.2031 head_norm_mean=0.3809 head_norm_std=0.0251
[train] epoch=1 step=11250 loss=0.1340 a2t_avg=0.1391 i2t_avg=0.1410 emb_norm_mean=1.8750 emb_norm_std=1.2031 head_norm_mean=0.3809 head_norm_std=0.0251
[train] epoch=1 step=11300 loss=0.0900 a2t_avg=0.1391 i2t_avg=0.1409 emb_norm_mean=1.8828 emb_norm_std=1.2109 head_norm_mean=0.3809 head_norm_std=0.0251
[train] epoch=1 step=11350 loss=0.1038 a2t_avg=0.1391 i2t_avg=0.1409 emb_norm_mean=1.8828 emb_norm_std=1.2109 head_norm_mean=0.3809 head_norm_std=0.0251
[train] epoch=1 step=11400 loss=0.1763 a2t_avg=0.1390 i2t_avg=0.1408 emb_norm_mean=1.8828 emb_norm_std=1.2109 head_norm_mean=0.3809 head_norm_std=0.0251
[train] epoch=1 step=11450 loss=0.1340 a2t_avg=0.1390 i2t_avg=0.1408 emb_norm_mean=1.8828 emb_norm_std=1.2109 head_norm_mean=0.3809 head_norm_std=0.0251
[train] epoch=1 step=11500 loss=0.0866 a2t_avg=0.1389 i2t_avg=0.1406 emb_norm_mean=1.8828 emb_norm_std=1.2109 head_norm_mean=0.3809 head_norm_std=0.0251
[train] epoch=1 step=11550 loss=0.1666 a2t_avg=0.1389 i2t_avg=0.1405 emb_norm_mean=1.8828 emb_norm_std=1.2109 head_norm_mean=0.3809 head_norm_std=0.0251
[train] epoch=1 step=11600 loss=0.1351 a2t_avg=0.1389 i2t_avg=0.1405 emb_norm_mean=1.8828 emb_norm_std=1.2109 head_norm_mean=0.3809 head_norm_std=0.0251
[train] epoch=1 step=11650 loss=0.0689 a2t_avg=0.1389 i2t_avg=0.1405 emb_norm_mean=1.8828 emb_norm_std=1.2109 head_norm_mean=0.3809 head_norm_std=0.0251
[train] epoch=1 step=11700 loss=0.1503 a2t_avg=0.1389 i2t_avg=0.1404 emb_norm_mean=1.8828 emb_norm_std=1.2109 head_norm_mean=0.3809 head_norm_std=0.0251
[train] epoch=1 step=11750 loss=0.1430 a2t_avg=0.1388 i2t_avg=0.1404 emb_norm_mean=1.8906 emb_norm_std=1.2109 head_norm_mean=0.3809 head_norm_std=0.0251
[train] epoch=1 step=11800 loss=0.1083 a2t_avg=0.1388 i2t_avg=0.1405 emb_norm_mean=1.8906 emb_norm_std=1.2109 head_norm_mean=0.3809 head_norm_std=0.0251
[train] epoch=1 step=11850 loss=0.0677 a2t_avg=0.1387 i2t_avg=0.1404 emb_norm_mean=1.8906 emb_norm_std=1.2109 head_norm_mean=0.3809 head_norm_std=0.0251
[train] epoch=1 step=11900 loss=0.1972 a2t_avg=0.1387 i2t_avg=0.1403 emb_norm_mean=1.8906 emb_norm_std=1.2109 head_norm_mean=0.3809 head_norm_std=0.0251
[train] epoch=1 step=11950 loss=0.1770 a2t_avg=0.1388 i2t_avg=0.1403 emb_norm_mean=1.8906 emb_norm_std=1.2188 head_norm_mean=0.3809 head_norm_std=0.0251
[train] epoch=1 step=12000 loss=0.1094 a2t_avg=0.1388 i2t_avg=0.1403 emb_norm_mean=1.8906 emb_norm_std=1.2188 head_norm_mean=0.3809 head_norm_std=0.0251
[ablation] step=12000 audio={'loss_correct_mean': 2.305478665046394, 'loss_shuffle_mean': 2.322984656319022, 'loss_noise_mean': 2.71805677190423, 'win_rate_shuffle': 0.5625, 'win_rate_noise': 0.765625, 'n_examples': 64.0} image={'loss_correct_mean': 3.7646253556013107, 'loss_shuffle_mean': 3.7384534627199173, 'loss_noise_mean': 4.1752620190382, 'win_rate_shuffle': 0.390625, 'win_rate_noise': 0.796875, 'n_examples': 64.0}
[train] epoch=1 step=12050 loss=0.1012 a2t_avg=0.1388 i2t_avg=0.1403 emb_norm_mean=1.8906 emb_norm_std=1.2188 head_norm_mean=0.3809 head_norm_std=0.0251
[train] epoch=1 step=12100 loss=0.1654 a2t_avg=0.1388 i2t_avg=0.1402 emb_norm_mean=1.8906 emb_norm_std=1.2188 head_norm_mean=0.3809 head_norm_std=0.0251
[train] epoch=1 step=12150 loss=0.1263 a2t_avg=0.1388 i2t_avg=0.1402 emb_norm_mean=1.8906 emb_norm_std=1.2188 head_norm_mean=0.3809 head_norm_std=0.0251
[train] epoch=1 step=12200 loss=0.1219 a2t_avg=0.1388 i2t_avg=0.1402 emb_norm_mean=1.8984 emb_norm_std=1.2188 head_norm_mean=0.3809 head_norm_std=0.0251
[train] epoch=1 step=12250 loss=0.0801 a2t_avg=0.1388 i2t_avg=0.1402 emb_norm_mean=1.8984 emb_norm_std=1.2188 head_norm_mean=0.3809 head_norm_std=0.0251
[train] epoch=1 step=12300 loss=0.1406 a2t_avg=0.1388 i2t_avg=0.1401 emb_norm_mean=1.8984 emb_norm_std=1.2188 head_norm_mean=0.3809 head_norm_std=0.0251
[train] epoch=1 step=12350 loss=0.2048 a2t_avg=0.1387 i2t_avg=0.1400 emb_norm_mean=1.8984 emb_norm_std=1.2188 head_norm_mean=0.3809 head_norm_std=0.0251
[train] epoch=1 step=12400 loss=0.1694 a2t_avg=0.1387 i2t_avg=0.1399 emb_norm_mean=1.8984 emb_norm_std=1.2188 head_norm_mean=0.3809 head_norm_std=0.0251
[train] epoch=1 step=12450 loss=0.1579 a2t_avg=0.1387 i2t_avg=0.1399 emb_norm_mean=1.8984 emb_norm_std=1.2188 head_norm_mean=0.3809 head_norm_std=0.0251
[train] epoch=1 step=12500 loss=0.2249 a2t_avg=0.1387 i2t_avg=0.1399 emb_norm_mean=1.8984 emb_norm_std=1.2188 head_norm_mean=0.3809 head_norm_std=0.0251
[train] epoch=1 step=12550 loss=0.0715 a2t_avg=0.1387 i2t_avg=0.1398 emb_norm_mean=1.8984 emb_norm_std=1.2266 head_norm_mean=0.3809 head_norm_std=0.0251
[train] epoch=1 step=12600 loss=0.1259 a2t_avg=0.1387 i2t_avg=0.1397 emb_norm_mean=1.8984 emb_norm_std=1.2266 head_norm_mean=0.3809 head_norm_std=0.0251
[train] epoch=1 step=12650 loss=0.1318 a2t_avg=0.1387 i2t_avg=0.1396 emb_norm_mean=1.9062 emb_norm_std=1.2266 head_norm_mean=0.3809 head_norm_std=0.0251
[train] epoch=1 step=12700 loss=0.0638 a2t_avg=0.1386 i2t_avg=0.1396 emb_norm_mean=1.9062 emb_norm_std=1.2266 head_norm_mean=0.3809 head_norm_std=0.0251
[train] epoch=1 step=12750 loss=0.1184 a2t_avg=0.1386 i2t_avg=0.1396 emb_norm_mean=1.9062 emb_norm_std=1.2266 head_norm_mean=0.3809 head_norm_std=0.0251
[train] epoch=1 step=12800 loss=0.1314 a2t_avg=0.1385 i2t_avg=0.1395 emb_norm_mean=1.9062 emb_norm_std=1.2266 head_norm_mean=0.3809 head_norm_std=0.0251
[train] epoch=1 step=12850 loss=0.1186 a2t_avg=0.1385 i2t_avg=0.1394 emb_norm_mean=1.9062 emb_norm_std=1.2266 head_norm_mean=0.3809 head_norm_std=0.0251
[train] epoch=1 step=12900 loss=0.1538 a2t_avg=0.1384 i2t_avg=0.1393 emb_norm_mean=1.9062 emb_norm_std=1.2266 head_norm_mean=0.3809 head_norm_std=0.0251
[train] epoch=1 step=12950 loss=0.1363 a2t_avg=0.1384 i2t_avg=0.1394 emb_norm_mean=1.9062 emb_norm_std=1.2266 head_norm_mean=0.3809 head_norm_std=0.0251
[train] epoch=1 step=13000 loss=0.1289 a2t_avg=0.1384 i2t_avg=0.1393 emb_norm_mean=1.9062 emb_norm_std=1.2266 head_norm_mean=0.3809 head_norm_std=0.0251
[ablation] step=13000 audio={'loss_correct_mean': 2.3373984517529607, 'loss_shuffle_mean': 2.3329767091199756, 'loss_noise_mean': 2.6443072613328695, 'win_rate_shuffle': 0.578125, 'win_rate_noise': 0.75, 'n_examples': 64.0} image={'loss_correct_mean': 3.7603188306093216, 'loss_shuffle_mean': 3.755412343889475, 'loss_noise_mean': 4.118786044418812, 'win_rate_shuffle': 0.53125, 'win_rate_noise': 0.75, 'n_examples': 64.0}
[train] epoch=1 step=13050 loss=0.1171 a2t_avg=0.1384 i2t_avg=0.1392 emb_norm_mean=1.9062 emb_norm_std=1.2266 head_norm_mean=0.3809 head_norm_std=0.0251
[train] epoch=1 step=13100 loss=0.1673 a2t_avg=0.1383 i2t_avg=0.1391 emb_norm_mean=1.9141 emb_norm_std=1.2266 head_norm_mean=0.3809 head_norm_std=0.0253
[train] epoch=1 step=13150 loss=0.1101 a2t_avg=0.1383 i2t_avg=0.1391 emb_norm_mean=1.9141 emb_norm_std=1.2266 head_norm_mean=0.3809 head_norm_std=0.0253
[train] epoch=1 step=13200 loss=0.0768 a2t_avg=0.1383 i2t_avg=0.1391 emb_norm_mean=1.9141 emb_norm_std=1.2344 head_norm_mean=0.3809 head_norm_std=0.0253
[train] epoch=1 step=13250 loss=0.1832 a2t_avg=0.1384 i2t_avg=0.1391 emb_norm_mean=1.9141 emb_norm_std=1.2344 head_norm_mean=0.3809 head_norm_std=0.0253
[train] epoch=1 step=13300 loss=0.1691 a2t_avg=0.1383 i2t_avg=0.1390 emb_norm_mean=1.9141 emb_norm_std=1.2344 head_norm_mean=0.3809 head_norm_std=0.0255
[train] epoch=1 step=13350 loss=0.1237 a2t_avg=0.1383 i2t_avg=0.1390 emb_norm_mean=1.9141 emb_norm_std=1.2344 head_norm_mean=0.3809 head_norm_std=0.0256
[train] epoch=1 step=13400 loss=0.1738 a2t_avg=0.1383 i2t_avg=0.1389 emb_norm_mean=1.9141 emb_norm_std=1.2344 head_norm_mean=0.3809 head_norm_std=0.0258
[train] epoch=1 step=13450 loss=0.0590 a2t_avg=0.1383 i2t_avg=0.1388 emb_norm_mean=1.9219 emb_norm_std=1.2344 head_norm_mean=0.3809 head_norm_std=0.0259
[train] epoch=1 step=13500 loss=0.1950 a2t_avg=0.1384 i2t_avg=0.1388 emb_norm_mean=1.9219 emb_norm_std=1.2344 head_norm_mean=0.3809 head_norm_std=0.0259
[train] epoch=1 step=13550 loss=0.0988 a2t_avg=0.1385 i2t_avg=0.1386 emb_norm_mean=1.9219 emb_norm_std=1.2344 head_norm_mean=0.3809 head_norm_std=0.0259
[train] epoch=1 step=13600 loss=0.2114 a2t_avg=0.1385 i2t_avg=0.1386 emb_norm_mean=1.9219 emb_norm_std=1.2344 head_norm_mean=0.3809 head_norm_std=0.0260
[train] epoch=1 step=13650 loss=0.1050 a2t_avg=0.1385 i2t_avg=0.1385 emb_norm_mean=1.9219 emb_norm_std=1.2344 head_norm_mean=0.3809 head_norm_std=0.0260
[train] epoch=1 step=13700 loss=0.0611 a2t_avg=0.1385 i2t_avg=0.1385 emb_norm_mean=1.9219 emb_norm_std=1.2422 head_norm_mean=0.3809 head_norm_std=0.0260
[train] epoch=1 step=13750 loss=0.1378 a2t_avg=0.1385 i2t_avg=0.1385 emb_norm_mean=1.9219 emb_norm_std=1.2422 head_norm_mean=0.3809 head_norm_std=0.0259
[train] epoch=1 step=13800 loss=0.1631 a2t_avg=0.1385 i2t_avg=0.1385 emb_norm_mean=1.9297 emb_norm_std=1.2422 head_norm_mean=0.3809 head_norm_std=0.0260
[train] epoch=1 step=13850 loss=0.0983 a2t_avg=0.1385 i2t_avg=0.1385 emb_norm_mean=1.9297 emb_norm_std=1.2422 head_norm_mean=0.3809 head_norm_std=0.0260
[train] epoch=1 step=13900 loss=0.1224 a2t_avg=0.1386 i2t_avg=0.1384 emb_norm_mean=1.9297 emb_norm_std=1.2422 head_norm_mean=0.3809 head_norm_std=0.0260
[train] epoch=1 step=13950 loss=0.1272 a2t_avg=0.1386 i2t_avg=0.1384 emb_norm_mean=1.9297 emb_norm_std=1.2422 head_norm_mean=0.3809 head_norm_std=0.0260
[train] epoch=1 step=14000 loss=0.1814 a2t_avg=0.1386 i2t_avg=0.1384 emb_norm_mean=1.9297 emb_norm_std=1.2422 head_norm_mean=0.3809 head_norm_std=0.0260
[ablation] step=14000 audio={'loss_correct_mean': 2.3242312436923385, 'loss_shuffle_mean': 2.3226841492578387, 'loss_noise_mean': 2.668668090365827, 'win_rate_shuffle': 0.578125, 'win_rate_noise': 0.78125, 'n_examples': 64.0} image={'loss_correct_mean': 3.6763619147241116, 'loss_shuffle_mean': 3.6865122094750404, 'loss_noise_mean': 4.059904955327511, 'win_rate_shuffle': 0.4375, 'win_rate_noise': 0.71875, 'n_examples': 64.0}
[train] epoch=1 step=14050 loss=0.1173 a2t_avg=0.1386 i2t_avg=0.1383 emb_norm_mean=1.9297 emb_norm_std=1.2422 head_norm_mean=0.3809 head_norm_std=0.0260
[train] epoch=1 step=14100 loss=0.1851 a2t_avg=0.1386 i2t_avg=0.1384 emb_norm_mean=1.9297 emb_norm_std=1.2422 head_norm_mean=0.3809 head_norm_std=0.0260
[train] epoch=1 step=14150 loss=0.2681 a2t_avg=0.1386 i2t_avg=0.1384 emb_norm_mean=1.9297 emb_norm_std=1.2422 head_norm_mean=0.3809 head_norm_std=0.0260
[train] epoch=1 step=14200 loss=0.2425 a2t_avg=0.1385 i2t_avg=0.1384 emb_norm_mean=1.9297 emb_norm_std=1.2422 head_norm_mean=0.3809 head_norm_std=0.0260
[train] epoch=1 step=14250 loss=0.1870 a2t_avg=0.1385 i2t_avg=0.1384 emb_norm_mean=1.9297 emb_norm_std=1.2422 head_norm_mean=0.3809 head_norm_std=0.0260
[train] epoch=1 step=14300 loss=0.1412 a2t_avg=0.1385 i2t_avg=0.1383 emb_norm_mean=1.9297 emb_norm_std=1.2422 head_norm_mean=0.3809 head_norm_std=0.0260
[train] epoch=1 step=14350 loss=0.1528 a2t_avg=0.1385 i2t_avg=0.1383 emb_norm_mean=1.9297 emb_norm_std=1.2422 head_norm_mean=0.3809 head_norm_std=0.0260
[train] epoch=1 step=14400 loss=0.1541 a2t_avg=0.1385 i2t_avg=0.1382 emb_norm_mean=1.9297 emb_norm_std=1.2422 head_norm_mean=0.3809 head_norm_std=0.0260
[train] epoch=1 step=14450 loss=0.0589 a2t_avg=0.1385 i2t_avg=0.1382 emb_norm_mean=1.9375 emb_norm_std=1.2422 head_norm_mean=0.3809 head_norm_std=0.0260
[train] epoch=1 step=14500 loss=0.1587 a2t_avg=0.1384 i2t_avg=0.1382 emb_norm_mean=1.9375 emb_norm_std=1.2422 head_norm_mean=0.3809 head_norm_std=0.0261
[train] epoch=1 step=14550 loss=0.0872 a2t_avg=0.1384 i2t_avg=0.1382 emb_norm_mean=1.9375 emb_norm_std=1.2422 head_norm_mean=0.3809 head_norm_std=0.0260
[train] epoch=1 step=14600 loss=0.2056 a2t_avg=0.1385 i2t_avg=0.1383 emb_norm_mean=1.9375 emb_norm_std=1.2500 head_norm_mean=0.3809 head_norm_std=0.0260
[train] epoch=1 step=14650 loss=0.0542 a2t_avg=0.1385 i2t_avg=0.1383 emb_norm_mean=1.9375 emb_norm_std=1.2500 head_norm_mean=0.3809 head_norm_std=0.0260
[train] epoch=1 step=14700 loss=0.0840 a2t_avg=0.1385 i2t_avg=0.1382 emb_norm_mean=1.9375 emb_norm_std=1.2500 head_norm_mean=0.3809 head_norm_std=0.0261
[train] epoch=1 step=14750 loss=0.1069 a2t_avg=0.1385 i2t_avg=0.1382 emb_norm_mean=1.9375 emb_norm_std=1.2500 head_norm_mean=0.3809 head_norm_std=0.0262
[train] epoch=1 step=14800 loss=0.1344 a2t_avg=0.1385 i2t_avg=0.1381 emb_norm_mean=1.9375 emb_norm_std=1.2500 head_norm_mean=0.3809 head_norm_std=0.0262
[train] epoch=1 step=14850 loss=0.0162 a2t_avg=0.1385 i2t_avg=0.1381 emb_norm_mean=1.9375 emb_norm_std=1.2500 head_norm_mean=0.3809 head_norm_std=0.0262
[train] epoch=1 step=14900 loss=0.1362 a2t_avg=0.1384 i2t_avg=0.1381 emb_norm_mean=1.9375 emb_norm_std=1.2500 head_norm_mean=0.3809 head_norm_std=0.0262
[train] epoch=1 step=14950 loss=0.1073 a2t_avg=0.1384 i2t_avg=0.1381 emb_norm_mean=1.9375 emb_norm_std=1.2500 head_norm_mean=0.3809 head_norm_std=0.0262
[train] epoch=1 step=15000 loss=0.1056 a2t_avg=0.1384 i2t_avg=0.1381 emb_norm_mean=1.9375 emb_norm_std=1.2500 head_norm_mean=0.3809 head_norm_std=0.0262
[ablation] step=15000 audio={'loss_correct_mean': 2.3092391286045313, 'loss_shuffle_mean': 2.3147339932620525, 'loss_noise_mean': 2.778855724260211, 'win_rate_shuffle': 0.53125, 'win_rate_noise': 0.828125, 'n_examples': 64.0} image={'loss_correct_mean': 3.7508822567760944, 'loss_shuffle_mean': 3.7355584017932415, 'loss_noise_mean': 4.099660445004702, 'win_rate_shuffle': 0.4375, 'win_rate_noise': 0.703125, 'n_examples': 64.0}
[train] epoch=1 step=15050 loss=0.1206 a2t_avg=0.1383 i2t_avg=0.1381 emb_norm_mean=1.9453 emb_norm_std=1.2500 head_norm_mean=0.3809 head_norm_std=0.0262
[train] epoch=1 step=15100 loss=0.1201 a2t_avg=0.1383 i2t_avg=0.1382 emb_norm_mean=1.9453 emb_norm_std=1.2500 head_norm_mean=0.3809 head_norm_std=0.0262
[train] epoch=1 step=15150 loss=0.1380 a2t_avg=0.1383 i2t_avg=0.1382 emb_norm_mean=1.9453 emb_norm_std=1.2500 head_norm_mean=0.3809 head_norm_std=0.0262
[train] epoch=1 step=15200 loss=0.1001 a2t_avg=0.1382 i2t_avg=0.1382 emb_norm_mean=1.9453 emb_norm_std=1.2500 head_norm_mean=0.3809 head_norm_std=0.0262
[train] epoch=1 step=15250 loss=0.0896 a2t_avg=0.1382 i2t_avg=0.1382 emb_norm_mean=1.9453 emb_norm_std=1.2500 head_norm_mean=0.3809 head_norm_std=0.0262
[train] epoch=1 step=15300 loss=0.1700 a2t_avg=0.1382 i2t_avg=0.1383 emb_norm_mean=1.9453 emb_norm_std=1.2500 head_norm_mean=0.3809 head_norm_std=0.0262
[train] epoch=1 step=15350 loss=0.2786 a2t_avg=0.1382 i2t_avg=0.1383 emb_norm_mean=1.9453 emb_norm_std=1.2578 head_norm_mean=0.3809 head_norm_std=0.0262
[train] epoch=1 step=15400 loss=0.1620 a2t_avg=0.1382 i2t_avg=0.1383 emb_norm_mean=1.9453 emb_norm_std=1.2578 head_norm_mean=0.3809 head_norm_std=0.0262
[train] epoch=1 step=15450 loss=0.1123 a2t_avg=0.1382 i2t_avg=0.1382 emb_norm_mean=1.9531 emb_norm_std=1.2578 head_norm_mean=0.3809 head_norm_std=0.0262
[train] epoch=1 step=15500 loss=0.0779 a2t_avg=0.1381 i2t_avg=0.1382 emb_norm_mean=1.9531 emb_norm_std=1.2578 head_norm_mean=0.3809 head_norm_std=0.0262
[train] epoch=1 step=15550 loss=0.2315 a2t_avg=0.1381 i2t_avg=0.1382 emb_norm_mean=1.9531 emb_norm_std=1.2578 head_norm_mean=0.3809 head_norm_std=0.0262
[train] epoch=1 step=15600 loss=0.1481 a2t_avg=0.1381 i2t_avg=0.1382 emb_norm_mean=1.9531 emb_norm_std=1.2578 head_norm_mean=0.3809 head_norm_std=0.0262
[train] epoch=1 step=15650 loss=0.1549 a2t_avg=0.1381 i2t_avg=0.1382 emb_norm_mean=1.9531 emb_norm_std=1.2578 head_norm_mean=0.3809 head_norm_std=0.0262
[train] epoch=1 step=15700 loss=0.0273 a2t_avg=0.1381 i2t_avg=0.1382 emb_norm_mean=1.9531 emb_norm_std=1.2578 head_norm_mean=0.3809 head_norm_std=0.0262
[train] epoch=1 step=15750 loss=0.1014 a2t_avg=0.1382 i2t_avg=0.1381 emb_norm_mean=1.9531 emb_norm_std=1.2578 head_norm_mean=0.3809 head_norm_std=0.0262
[train] epoch=1 step=15800 loss=0.1547 a2t_avg=0.1381 i2t_avg=0.1381 emb_norm_mean=1.9531 emb_norm_std=1.2578 head_norm_mean=0.3809 head_norm_std=0.0262
[train] epoch=1 step=15850 loss=0.1266 a2t_avg=0.1381 i2t_avg=0.1381 emb_norm_mean=1.9531 emb_norm_std=1.2578 head_norm_mean=0.3809 head_norm_std=0.0262
[train] epoch=1 step=15900 loss=0.1031 a2t_avg=0.1381 i2t_avg=0.1381 emb_norm_mean=1.9531 emb_norm_std=1.2578 head_norm_mean=0.3809 head_norm_std=0.0262
[train] epoch=1 step=15950 loss=0.1618 a2t_avg=0.1381 i2t_avg=0.1380 emb_norm_mean=1.9609 emb_norm_std=1.2578 head_norm_mean=0.3809 head_norm_std=0.0262
[train] epoch=1 step=16000 loss=0.1676 a2t_avg=0.1381 i2t_avg=0.1380 emb_norm_mean=1.9609 emb_norm_std=1.2578 head_norm_mean=0.3809 head_norm_std=0.0262
[ablation] step=16000 audio={'loss_correct_mean': 2.3201954877004027, 'loss_shuffle_mean': 2.2588263396173716, 'loss_noise_mean': 2.7862129295244813, 'win_rate_shuffle': 0.484375, 'win_rate_noise': 0.8125, 'n_examples': 64.0} image={'loss_correct_mean': 3.7071386761963367, 'loss_shuffle_mean': 3.6904479190707207, 'loss_noise_mean': 4.1067943796515465, 'win_rate_shuffle': 0.4375, 'win_rate_noise': 0.765625, 'n_examples': 64.0}
[train] epoch=1 step=16050 loss=0.0711 a2t_avg=0.1381 i2t_avg=0.1379 emb_norm_mean=1.9609 emb_norm_std=1.2656 head_norm_mean=0.3809 head_norm_std=0.0262
[train] epoch=1 step=16100 loss=0.1174 a2t_avg=0.1382 i2t_avg=0.1379 emb_norm_mean=1.9609 emb_norm_std=1.2656 head_norm_mean=0.3809 head_norm_std=0.0262
[train] epoch=1 step=16150 loss=0.1510 a2t_avg=0.1382 i2t_avg=0.1379 emb_norm_mean=1.9609 emb_norm_std=1.2656 head_norm_mean=0.3809 head_norm_std=0.0262
[train] epoch=1 step=16200 loss=0.1316 a2t_avg=0.1382 i2t_avg=0.1379 emb_norm_mean=1.9609 emb_norm_std=1.2656 head_norm_mean=0.3809 head_norm_std=0.0262
[train] epoch=1 step=16250 loss=0.1999 a2t_avg=0.1381 i2t_avg=0.1379 emb_norm_mean=1.9609 emb_norm_std=1.2656 head_norm_mean=0.3809 head_norm_std=0.0262
[train] epoch=1 step=16300 loss=0.0853 a2t_avg=0.1382 i2t_avg=0.1379 emb_norm_mean=1.9609 emb_norm_std=1.2656 head_norm_mean=0.3809 head_norm_std=0.0262
[train] epoch=1 step=16350 loss=0.1229 a2t_avg=0.1382 i2t_avg=0.1379 emb_norm_mean=1.9609 emb_norm_std=1.2656 head_norm_mean=0.3809 head_norm_std=0.0262
[train] epoch=2 step=16400 loss=0.0128 a2t_avg=0.1382 i2t_avg=0.1378 emb_norm_mean=1.9688 emb_norm_std=1.2656 head_norm_mean=0.3809 head_norm_std=0.0262
[train] epoch=2 step=16450 loss=0.1580 a2t_avg=0.1381 i2t_avg=0.1376 emb_norm_mean=1.9688 emb_norm_std=1.2656 head_norm_mean=0.3809 head_norm_std=0.0262
[train] epoch=2 step=16500 loss=0.0449 a2t_avg=0.1381 i2t_avg=0.1375 emb_norm_mean=1.9688 emb_norm_std=1.2656 head_norm_mean=0.3809 head_norm_std=0.0262
[train] epoch=2 step=16550 loss=0.0361 a2t_avg=0.1380 i2t_avg=0.1373 emb_norm_mean=1.9688 emb_norm_std=1.2656 head_norm_mean=0.3809 head_norm_std=0.0262
[train] epoch=2 step=16600 loss=0.1491 a2t_avg=0.1380 i2t_avg=0.1372 emb_norm_mean=1.9688 emb_norm_std=1.2656 head_norm_mean=0.3809 head_norm_std=0.0262
[train] epoch=2 step=16650 loss=0.0657 a2t_avg=0.1380 i2t_avg=0.1371 emb_norm_mean=1.9688 emb_norm_std=1.2656 head_norm_mean=0.3809 head_norm_std=0.0262
[train] epoch=2 step=16700 loss=0.1019 a2t_avg=0.1379 i2t_avg=0.1370 emb_norm_mean=1.9688 emb_norm_std=1.2656 head_norm_mean=0.3809 head_norm_std=0.0262
[train] epoch=2 step=16750 loss=0.0795 a2t_avg=0.1379 i2t_avg=0.1368 emb_norm_mean=1.9688 emb_norm_std=1.2656 head_norm_mean=0.3809 head_norm_std=0.0262
[train] epoch=2 step=16800 loss=0.1047 a2t_avg=0.1378 i2t_avg=0.1367 emb_norm_mean=1.9688 emb_norm_std=1.2734 head_norm_mean=0.3809 head_norm_std=0.0264
[train] epoch=2 step=16850 loss=0.1428 a2t_avg=0.1378 i2t_avg=0.1367 emb_norm_mean=1.9688 emb_norm_std=1.2734 head_norm_mean=0.3809 head_norm_std=0.0264
[train] epoch=2 step=16900 loss=0.0910 a2t_avg=0.1377 i2t_avg=0.1366 emb_norm_mean=1.9766 emb_norm_std=1.2734 head_norm_mean=0.3809 head_norm_std=0.0264
[train] epoch=2 step=16950 loss=0.1902 a2t_avg=0.1377 i2t_avg=0.1365 emb_norm_mean=1.9766 emb_norm_std=1.2734 head_norm_mean=0.3809 head_norm_std=0.0264
[train] epoch=2 step=17000 loss=0.1120 a2t_avg=0.1377 i2t_avg=0.1364 emb_norm_mean=1.9766 emb_norm_std=1.2734 head_norm_mean=0.3809 head_norm_std=0.0264
[ablation] step=17000 audio={'loss_correct_mean': 2.3341854382306337, 'loss_shuffle_mean': 2.3449891125783324, 'loss_noise_mean': 2.7241912484169006, 'win_rate_shuffle': 0.4375, 'win_rate_noise': 0.78125, 'n_examples': 64.0} image={'loss_correct_mean': 3.91708941757679, 'loss_shuffle_mean': 3.9375323951244354, 'loss_noise_mean': 4.240105357021093, 'win_rate_shuffle': 0.515625, 'win_rate_noise': 0.6875, 'n_examples': 64.0}
[train] epoch=2 step=17050 loss=0.0707 a2t_avg=0.1377 i2t_avg=0.1362 emb_norm_mean=1.9766 emb_norm_std=1.2734 head_norm_mean=0.3809 head_norm_std=0.0264
[train] epoch=2 step=17100 loss=0.1425 a2t_avg=0.1376 i2t_avg=0.1361 emb_norm_mean=1.9766 emb_norm_std=1.2734 head_norm_mean=0.3809 head_norm_std=0.0264
[train] epoch=2 step=17150 loss=0.1506 a2t_avg=0.1376 i2t_avg=0.1360 emb_norm_mean=1.9766 emb_norm_std=1.2734 head_norm_mean=0.3809 head_norm_std=0.0264
[train] epoch=2 step=17200 loss=0.1379 a2t_avg=0.1376 i2t_avg=0.1359 emb_norm_mean=1.9766 emb_norm_std=1.2734 head_norm_mean=0.3809 head_norm_std=0.0264
[train] epoch=2 step=17250 loss=0.1337 a2t_avg=0.1376 i2t_avg=0.1359 emb_norm_mean=1.9766 emb_norm_std=1.2734 head_norm_mean=0.3809 head_norm_std=0.0264
[train] epoch=2 step=17300 loss=0.0364 a2t_avg=0.1376 i2t_avg=0.1358 emb_norm_mean=1.9766 emb_norm_std=1.2734 head_norm_mean=0.3809 head_norm_std=0.0264
[train] epoch=2 step=17350 loss=0.1328 a2t_avg=0.1375 i2t_avg=0.1356 emb_norm_mean=1.9844 emb_norm_std=1.2734 head_norm_mean=0.3809 head_norm_std=0.0264
[train] epoch=2 step=17400 loss=0.1300 a2t_avg=0.1375 i2t_avg=0.1355 emb_norm_mean=1.9844 emb_norm_std=1.2812 head_norm_mean=0.3809 head_norm_std=0.0264
[train] epoch=2 step=17450 loss=0.1535 a2t_avg=0.1375 i2t_avg=0.1354 emb_norm_mean=1.9844 emb_norm_std=1.2812 head_norm_mean=0.3809 head_norm_std=0.0264
[train] epoch=2 step=17500 loss=0.1246 a2t_avg=0.1375 i2t_avg=0.1353 emb_norm_mean=1.9844 emb_norm_std=1.2812 head_norm_mean=0.3809 head_norm_std=0.0264
[train] epoch=2 step=17550 loss=0.0978 a2t_avg=0.1374 i2t_avg=0.1352 emb_norm_mean=1.9844 emb_norm_std=1.2812 head_norm_mean=0.3809 head_norm_std=0.0264
[train] epoch=2 step=17600 loss=0.1206 a2t_avg=0.1374 i2t_avg=0.1351 emb_norm_mean=1.9844 emb_norm_std=1.2812 head_norm_mean=0.3809 head_norm_std=0.0264
[train] epoch=2 step=17650 loss=0.1274 a2t_avg=0.1375 i2t_avg=0.1350 emb_norm_mean=1.9844 emb_norm_std=1.2812 head_norm_mean=0.3809 head_norm_std=0.0264
[train] epoch=2 step=17700 loss=0.1210 a2t_avg=0.1375 i2t_avg=0.1349 emb_norm_mean=1.9844 emb_norm_std=1.2812 head_norm_mean=0.3809 head_norm_std=0.0264
[train] epoch=2 step=17750 loss=0.1149 a2t_avg=0.1374 i2t_avg=0.1348 emb_norm_mean=1.9844 emb_norm_std=1.2812 head_norm_mean=0.3809 head_norm_std=0.0264
[train] epoch=2 step=17800 loss=0.0894 a2t_avg=0.1374 i2t_avg=0.1347 emb_norm_mean=1.9844 emb_norm_std=1.2812 head_norm_mean=0.3809 head_norm_std=0.0264
[train] epoch=2 step=17850 loss=0.1240 a2t_avg=0.1374 i2t_avg=0.1346 emb_norm_mean=1.9844 emb_norm_std=1.2812 head_norm_mean=0.3809 head_norm_std=0.0264
[train] epoch=2 step=17900 loss=0.0858 a2t_avg=0.1374 i2t_avg=0.1344 emb_norm_mean=1.9922 emb_norm_std=1.2812 head_norm_mean=0.3809 head_norm_std=0.0264
[train] epoch=2 step=17950 loss=0.0726 a2t_avg=0.1374 i2t_avg=0.1343 emb_norm_mean=1.9922 emb_norm_std=1.2812 head_norm_mean=0.3809 head_norm_std=0.0264
[train] epoch=2 step=18000 loss=0.1708 a2t_avg=0.1374 i2t_avg=0.1342 emb_norm_mean=1.9922 emb_norm_std=1.2812 head_norm_mean=0.3809 head_norm_std=0.0265
[ablation] step=18000 audio={'loss_correct_mean': 2.342479571700096, 'loss_shuffle_mean': 2.347374669276178, 'loss_noise_mean': 2.7899725222960114, 'win_rate_shuffle': 0.46875, 'win_rate_noise': 0.765625, 'n_examples': 64.0} image={'loss_correct_mean': 3.996724162250757, 'loss_shuffle_mean': 3.965909592807293, 'loss_noise_mean': 4.252897974103689, 'win_rate_shuffle': 0.46875, 'win_rate_noise': 0.671875, 'n_examples': 64.0}
[train] epoch=2 step=18050 loss=0.1008 a2t_avg=0.1373 i2t_avg=0.1341 emb_norm_mean=1.9922 emb_norm_std=1.2812 head_norm_mean=0.3809 head_norm_std=0.0265
[train] epoch=2 step=18100 loss=0.1034 a2t_avg=0.1373 i2t_avg=0.1340 emb_norm_mean=1.9922 emb_norm_std=1.2891 head_norm_mean=0.3809 head_norm_std=0.0265
[train] epoch=2 step=18150 loss=0.0589 a2t_avg=0.1373 i2t_avg=0.1339 emb_norm_mean=1.9922 emb_norm_std=1.2891 head_norm_mean=0.3809 head_norm_std=0.0265
[train] epoch=2 step=18200 loss=0.1842 a2t_avg=0.1373 i2t_avg=0.1338 emb_norm_mean=1.9922 emb_norm_std=1.2891 head_norm_mean=0.3809 head_norm_std=0.0265
[train] epoch=2 step=18250 loss=0.1429 a2t_avg=0.1373 i2t_avg=0.1337 emb_norm_mean=1.9922 emb_norm_std=1.2891 head_norm_mean=0.3809 head_norm_std=0.0265
[train] epoch=2 step=18300 loss=0.1503 a2t_avg=0.1373 i2t_avg=0.1336 emb_norm_mean=2.0000 emb_norm_std=1.2891 head_norm_mean=0.3809 head_norm_std=0.0265
[train] epoch=2 step=18350 loss=0.1542 a2t_avg=0.1373 i2t_avg=0.1335 emb_norm_mean=2.0000 emb_norm_std=1.2891 head_norm_mean=0.3809 head_norm_std=0.0265
[train] epoch=2 step=18400 loss=0.0937 a2t_avg=0.1372 i2t_avg=0.1335 emb_norm_mean=2.0000 emb_norm_std=1.2891 head_norm_mean=0.3809 head_norm_std=0.0266
[train] epoch=2 step=18450 loss=0.1591 a2t_avg=0.1372 i2t_avg=0.1334 emb_norm_mean=2.0000 emb_norm_std=1.2891 head_norm_mean=0.3809 head_norm_std=0.0266
[train] epoch=2 step=18500 loss=0.0684 a2t_avg=0.1372 i2t_avg=0.1334 emb_norm_mean=2.0000 emb_norm_std=1.2891 head_norm_mean=0.3809 head_norm_std=0.0266
[train] epoch=2 step=18550 loss=0.0812 a2t_avg=0.1372 i2t_avg=0.1334 emb_norm_mean=2.0000 emb_norm_std=1.2891 head_norm_mean=0.3809 head_norm_std=0.0266
[train] epoch=2 step=18600 loss=0.2585 a2t_avg=0.1372 i2t_avg=0.1333 emb_norm_mean=2.0000 emb_norm_std=1.2891 head_norm_mean=0.3809 head_norm_std=0.0266
[train] epoch=2 step=18650 loss=0.1252 a2t_avg=0.1372 i2t_avg=0.1332 emb_norm_mean=2.0000 emb_norm_std=1.2891 head_norm_mean=0.3809 head_norm_std=0.0266
[train] epoch=2 step=18700 loss=0.1169 a2t_avg=0.1371 i2t_avg=0.1332 emb_norm_mean=2.0000 emb_norm_std=1.2969 head_norm_mean=0.3809 head_norm_std=0.0266
[train] epoch=2 step=18750 loss=0.1200 a2t_avg=0.1371 i2t_avg=0.1331 emb_norm_mean=2.0000 emb_norm_std=1.2969 head_norm_mean=0.3809 head_norm_std=0.0266
[train] epoch=2 step=18800 loss=0.2195 a2t_avg=0.1371 i2t_avg=0.1330 emb_norm_mean=2.0000 emb_norm_std=1.2969 head_norm_mean=0.3809 head_norm_std=0.0266
[train] epoch=2 step=18850 loss=0.0545 a2t_avg=0.1371 i2t_avg=0.1330 emb_norm_mean=2.0000 emb_norm_std=1.2969 head_norm_mean=0.3809 head_norm_std=0.0266
[train] epoch=2 step=18900 loss=0.1162 a2t_avg=0.1371 i2t_avg=0.1329 emb_norm_mean=2.0000 emb_norm_std=1.2969 head_norm_mean=0.3809 head_norm_std=0.0266
[train] epoch=2 step=18950 loss=0.2049 a2t_avg=0.1371 i2t_avg=0.1328 emb_norm_mean=2.0000 emb_norm_std=1.2969 head_norm_mean=0.3809 head_norm_std=0.0266
[train] epoch=2 step=19000 loss=0.1319 a2t_avg=0.1371 i2t_avg=0.1328 emb_norm_mean=2.0156 emb_norm_std=1.2969 head_norm_mean=0.3809 head_norm_std=0.0266
[ablation] step=19000 audio={'loss_correct_mean': 2.313849439844489, 'loss_shuffle_mean': 2.3679824993014336, 'loss_noise_mean': 2.803952319547534, 'win_rate_shuffle': 0.578125, 'win_rate_noise': 0.796875, 'n_examples': 64.0} image={'loss_correct_mean': 3.953452967107296, 'loss_shuffle_mean': 3.9301196858286858, 'loss_noise_mean': 4.26095525175333, 'win_rate_shuffle': 0.484375, 'win_rate_noise': 0.71875, 'n_examples': 64.0}
[train] epoch=2 step=19050 loss=0.0719 a2t_avg=0.1371 i2t_avg=0.1327 emb_norm_mean=2.0156 emb_norm_std=1.2969 head_norm_mean=0.3809 head_norm_std=0.0266
[train] epoch=2 step=19100 loss=0.1055 a2t_avg=0.1371 i2t_avg=0.1327 emb_norm_mean=2.0156 emb_norm_std=1.2969 head_norm_mean=0.3809 head_norm_std=0.0266
[train] epoch=2 step=19150 loss=0.1163 a2t_avg=0.1371 i2t_avg=0.1326 emb_norm_mean=2.0156 emb_norm_std=1.2969 head_norm_mean=0.3809 head_norm_std=0.0266
[train] epoch=2 step=19200 loss=0.0631 a2t_avg=0.1371 i2t_avg=0.1325 emb_norm_mean=2.0156 emb_norm_std=1.2969 head_norm_mean=0.3809 head_norm_std=0.0266
[train] epoch=2 step=19250 loss=0.1564 a2t_avg=0.1371 i2t_avg=0.1324 emb_norm_mean=2.0156 emb_norm_std=1.2969 head_norm_mean=0.3809 head_norm_std=0.0266
[train] epoch=2 step=19300 loss=0.1637 a2t_avg=0.1370 i2t_avg=0.1323 emb_norm_mean=2.0156 emb_norm_std=1.2969 head_norm_mean=0.3809 head_norm_std=0.0267
[train] epoch=2 step=19350 loss=0.0840 a2t_avg=0.1370 i2t_avg=0.1323 emb_norm_mean=2.0156 emb_norm_std=1.2969 head_norm_mean=0.3809 head_norm_std=0.0267
[train] epoch=2 step=19400 loss=0.0915 a2t_avg=0.1369 i2t_avg=0.1322 emb_norm_mean=2.0156 emb_norm_std=1.2969 head_norm_mean=0.3809 head_norm_std=0.0266
[train] epoch=2 step=19450 loss=0.1154 a2t_avg=0.1370 i2t_avg=0.1321 emb_norm_mean=2.0156 emb_norm_std=1.2969 head_norm_mean=0.3809 head_norm_std=0.0266
[train] epoch=2 step=19500 loss=0.0880 a2t_avg=0.1370 i2t_avg=0.1321 emb_norm_mean=2.0156 emb_norm_std=1.2969 head_norm_mean=0.3809 head_norm_std=0.0267
[train] epoch=2 step=19550 loss=0.1151 a2t_avg=0.1370 i2t_avg=0.1321 emb_norm_mean=2.0156 emb_norm_std=1.2969 head_norm_mean=0.3809 head_norm_std=0.0267
[train] epoch=2 step=19600 loss=0.0934 a2t_avg=0.1369 i2t_avg=0.1319 emb_norm_mean=2.0156 emb_norm_std=1.3047 head_norm_mean=0.3809 head_norm_std=0.0267
[train] epoch=2 step=19650 loss=0.1319 a2t_avg=0.1369 i2t_avg=0.1319 emb_norm_mean=2.0156 emb_norm_std=1.3047 head_norm_mean=0.3809 head_norm_std=0.0267
[train] epoch=2 step=19700 loss=0.2121 a2t_avg=0.1369 i2t_avg=0.1319 emb_norm_mean=2.0156 emb_norm_std=1.3047 head_norm_mean=0.3809 head_norm_std=0.0267
[train] epoch=2 step=19750 loss=0.1801 a2t_avg=0.1369 i2t_avg=0.1319 emb_norm_mean=2.0156 emb_norm_std=1.3047 head_norm_mean=0.3809 head_norm_std=0.0267
[train] epoch=2 step=19800 loss=0.1822 a2t_avg=0.1368 i2t_avg=0.1319 emb_norm_mean=2.0156 emb_norm_std=1.3047 head_norm_mean=0.3809 head_norm_std=0.0267
[train] epoch=2 step=19850 loss=0.1257 a2t_avg=0.1368 i2t_avg=0.1318 emb_norm_mean=2.0156 emb_norm_std=1.3047 head_norm_mean=0.3809 head_norm_std=0.0267
[train] epoch=2 step=19900 loss=0.1124 a2t_avg=0.1368 i2t_avg=0.1317 emb_norm_mean=2.0156 emb_norm_std=1.3047 head_norm_mean=0.3809 head_norm_std=0.0267
[train] epoch=2 step=19950 loss=0.1464 a2t_avg=0.1368 i2t_avg=0.1317 emb_norm_mean=2.0156 emb_norm_std=1.3047 head_norm_mean=0.3809 head_norm_std=0.0267
[train] epoch=2 step=20000 loss=0.0914 a2t_avg=0.1368 i2t_avg=0.1316 emb_norm_mean=2.0156 emb_norm_std=1.3047 head_norm_mean=0.3809 head_norm_std=0.0267
[ablation] step=20000 audio={'loss_correct_mean': 2.3326100762933493, 'loss_shuffle_mean': 2.3549929093569517, 'loss_noise_mean': 2.8030162416398525, 'win_rate_shuffle': 0.5, 'win_rate_noise': 0.84375, 'n_examples': 64.0} image={'loss_correct_mean': 3.9158800952136517, 'loss_shuffle_mean': 3.913412820547819, 'loss_noise_mean': 4.237410593777895, 'win_rate_shuffle': 0.4375, 'win_rate_noise': 0.6875, 'n_examples': 64.0}
[train] epoch=2 step=20050 loss=0.1593 a2t_avg=0.1368 i2t_avg=0.1315 emb_norm_mean=2.0156 emb_norm_std=1.3047 head_norm_mean=0.3809 head_norm_std=0.0267
[train] epoch=2 step=20100 loss=0.1119 a2t_avg=0.1368 i2t_avg=0.1315 emb_norm_mean=2.0156 emb_norm_std=1.3047 head_norm_mean=0.3809 head_norm_std=0.0267
[train] epoch=2 step=20150 loss=0.1503 a2t_avg=0.1368 i2t_avg=0.1315 emb_norm_mean=2.0156 emb_norm_std=1.3047 head_norm_mean=0.3809 head_norm_std=0.0267
[train] epoch=2 step=20200 loss=0.1044 a2t_avg=0.1367 i2t_avg=0.1314 emb_norm_mean=2.0156 emb_norm_std=1.3047 head_norm_mean=0.3809 head_norm_std=0.0267
[train] epoch=2 step=20250 loss=0.1515 a2t_avg=0.1367 i2t_avg=0.1313 emb_norm_mean=2.0312 emb_norm_std=1.3047 head_norm_mean=0.3809 head_norm_std=0.0267
[train] epoch=2 step=20300 loss=0.1189 a2t_avg=0.1367 i2t_avg=0.1313 emb_norm_mean=2.0312 emb_norm_std=1.3047 head_norm_mean=0.3809 head_norm_std=0.0267
[train] epoch=2 step=20350 loss=0.1056 a2t_avg=0.1367 i2t_avg=0.1312 emb_norm_mean=2.0312 emb_norm_std=1.3047 head_norm_mean=0.3809 head_norm_std=0.0269
[train] epoch=2 step=20400 loss=0.1307 a2t_avg=0.1367 i2t_avg=0.1311 emb_norm_mean=2.0312 emb_norm_std=1.3125 head_norm_mean=0.3809 head_norm_std=0.0269
[train] epoch=2 step=20450 loss=0.2589 a2t_avg=0.1367 i2t_avg=0.1311 emb_norm_mean=2.0312 emb_norm_std=1.3125 head_norm_mean=0.3809 head_norm_std=0.0269
[train] epoch=2 step=20500 loss=0.1030 a2t_avg=0.1367 i2t_avg=0.1310 emb_norm_mean=2.0312 emb_norm_std=1.3125 head_norm_mean=0.3809 head_norm_std=0.0269
[train] epoch=2 step=20550 loss=0.1334 a2t_avg=0.1367 i2t_avg=0.1309 emb_norm_mean=2.0312 emb_norm_std=1.3125 head_norm_mean=0.3809 head_norm_std=0.0269
[train] epoch=2 step=20600 loss=0.1681 a2t_avg=0.1367 i2t_avg=0.1309 emb_norm_mean=2.0312 emb_norm_std=1.3125 head_norm_mean=0.3809 head_norm_std=0.0269
[train] epoch=2 step=20650 loss=0.1577 a2t_avg=0.1367 i2t_avg=0.1309 emb_norm_mean=2.0312 emb_norm_std=1.3125 head_norm_mean=0.3809 head_norm_std=0.0269
[train] epoch=2 step=20700 loss=0.1479 a2t_avg=0.1367 i2t_avg=0.1309 emb_norm_mean=2.0312 emb_norm_std=1.3125 head_norm_mean=0.3809 head_norm_std=0.0269
[train] epoch=2 step=20750 loss=0.1181 a2t_avg=0.1367 i2t_avg=0.1308 emb_norm_mean=2.0312 emb_norm_std=1.3125 head_norm_mean=0.3809 head_norm_std=0.0269
[train] epoch=2 step=20800 loss=0.2376 a2t_avg=0.1367 i2t_avg=0.1308 emb_norm_mean=2.0312 emb_norm_std=1.3125 head_norm_mean=0.3809 head_norm_std=0.0269
[train] epoch=2 step=20850 loss=0.1283 a2t_avg=0.1367 i2t_avg=0.1308 emb_norm_mean=2.0312 emb_norm_std=1.3125 head_norm_mean=0.3809 head_norm_std=0.0269
[train] epoch=2 step=20900 loss=0.1488 a2t_avg=0.1367 i2t_avg=0.1307 emb_norm_mean=2.0312 emb_norm_std=1.3125 head_norm_mean=0.3809 head_norm_std=0.0269
[train] epoch=2 step=20950 loss=0.0933 a2t_avg=0.1367 i2t_avg=0.1307 emb_norm_mean=2.0312 emb_norm_std=1.3125 head_norm_mean=0.3809 head_norm_std=0.0269
[train] epoch=2 step=21000 loss=0.1263 a2t_avg=0.1367 i2t_avg=0.1306 emb_norm_mean=2.0312 emb_norm_std=1.3125 head_norm_mean=0.3809 head_norm_std=0.0269
[ablation] step=21000 audio={'loss_correct_mean': 2.302115931175649, 'loss_shuffle_mean': 2.3240545261651278, 'loss_noise_mean': 2.7534771459177136, 'win_rate_shuffle': 0.53125, 'win_rate_noise': 0.765625, 'n_examples': 64.0} image={'loss_correct_mean': 3.949860744178295, 'loss_shuffle_mean': 3.9198296777904034, 'loss_noise_mean': 4.263996038585901, 'win_rate_shuffle': 0.5, 'win_rate_noise': 0.671875, 'n_examples': 64.0}
[train] epoch=2 step=21050 loss=0.0719 a2t_avg=0.1367 i2t_avg=0.1305 emb_norm_mean=2.0312 emb_norm_std=1.3125 head_norm_mean=0.3809 head_norm_std=0.0269
[train] epoch=2 step=21100 loss=0.1527 a2t_avg=0.1367 i2t_avg=0.1305 emb_norm_mean=2.0312 emb_norm_std=1.3203 head_norm_mean=0.3809 head_norm_std=0.0269
[train] epoch=2 step=21150 loss=0.1008 a2t_avg=0.1367 i2t_avg=0.1305 emb_norm_mean=2.0312 emb_norm_std=1.3203 head_norm_mean=0.3809 head_norm_std=0.0269
[train] epoch=2 step=21200 loss=0.1567 a2t_avg=0.1367 i2t_avg=0.1305 emb_norm_mean=2.0469 emb_norm_std=1.3203 head_norm_mean=0.3809 head_norm_std=0.0269
[train] epoch=2 step=21250 loss=0.1139 a2t_avg=0.1366 i2t_avg=0.1304 emb_norm_mean=2.0469 emb_norm_std=1.3203 head_norm_mean=0.3809 head_norm_std=0.0269
[train] epoch=2 step=21300 loss=0.1828 a2t_avg=0.1367 i2t_avg=0.1304 emb_norm_mean=2.0469 emb_norm_std=1.3203 head_norm_mean=0.3809 head_norm_std=0.0269
[train] epoch=2 step=21350 loss=0.2602 a2t_avg=0.1366 i2t_avg=0.1303 emb_norm_mean=2.0469 emb_norm_std=1.3203 head_norm_mean=0.3809 head_norm_std=0.0269
[train] epoch=2 step=21400 loss=0.0841 a2t_avg=0.1366 i2t_avg=0.1303 emb_norm_mean=2.0469 emb_norm_std=1.3203 head_norm_mean=0.3809 head_norm_std=0.0269
[train] epoch=2 step=21450 loss=0.0452 a2t_avg=0.1366 i2t_avg=0.1302 emb_norm_mean=2.0469 emb_norm_std=1.3203 head_norm_mean=0.3809 head_norm_std=0.0269
[train] epoch=2 step=21500 loss=0.0421 a2t_avg=0.1366 i2t_avg=0.1301 emb_norm_mean=2.0469 emb_norm_std=1.3203 head_norm_mean=0.3809 head_norm_std=0.0269
[train] epoch=2 step=21550 loss=0.2624 a2t_avg=0.1366 i2t_avg=0.1301 emb_norm_mean=2.0469 emb_norm_std=1.3203 head_norm_mean=0.3809 head_norm_std=0.0269
[train] epoch=2 step=21600 loss=0.1561 a2t_avg=0.1366 i2t_avg=0.1300 emb_norm_mean=2.0469 emb_norm_std=1.3203 head_norm_mean=0.3809 head_norm_std=0.0269
[train] epoch=2 step=21650 loss=0.0498 a2t_avg=0.1365 i2t_avg=0.1299 emb_norm_mean=2.0469 emb_norm_std=1.3203 head_norm_mean=0.3809 head_norm_std=0.0269
[train] epoch=2 step=21700 loss=0.1347 a2t_avg=0.1365 i2t_avg=0.1299 emb_norm_mean=2.0469 emb_norm_std=1.3203 head_norm_mean=0.3809 head_norm_std=0.0269
[train] epoch=2 step=21750 loss=0.0807 a2t_avg=0.1365 i2t_avg=0.1298 emb_norm_mean=2.0469 emb_norm_std=1.3203 head_norm_mean=0.3809 head_norm_std=0.0269
[train] epoch=2 step=21800 loss=0.2208 a2t_avg=0.1365 i2t_avg=0.1298 emb_norm_mean=2.0469 emb_norm_std=1.3203 head_norm_mean=0.3809 head_norm_std=0.0269
[train] epoch=2 step=21850 loss=0.0691 a2t_avg=0.1365 i2t_avg=0.1298 emb_norm_mean=2.0469 emb_norm_std=1.3203 head_norm_mean=0.3809 head_norm_std=0.0269
[train] epoch=2 step=21900 loss=0.0704 a2t_avg=0.1365 i2t_avg=0.1297 emb_norm_mean=2.0469 emb_norm_std=1.3203 head_norm_mean=0.3809 head_norm_std=0.0269
[train] epoch=2 step=21950 loss=0.1663 a2t_avg=0.1364 i2t_avg=0.1295 emb_norm_mean=2.0469 emb_norm_std=1.3281 head_norm_mean=0.3809 head_norm_std=0.0269
[train] epoch=2 step=22000 loss=0.1259 a2t_avg=0.1364 i2t_avg=0.1295 emb_norm_mean=2.0469 emb_norm_std=1.3281 head_norm_mean=0.3809 head_norm_std=0.0269
[ablation] step=22000 audio={'loss_correct_mean': 2.2989375852048397, 'loss_shuffle_mean': 2.3056769967079163, 'loss_noise_mean': 2.677108065225184, 'win_rate_shuffle': 0.515625, 'win_rate_noise': 0.75, 'n_examples': 64.0} image={'loss_correct_mean': 3.8975638821721077, 'loss_shuffle_mean': 3.8671265468001366, 'loss_noise_mean': 4.2314063757658005, 'win_rate_shuffle': 0.421875, 'win_rate_noise': 0.671875, 'n_examples': 64.0}
[train] epoch=2 step=22050 loss=0.1547 a2t_avg=0.1364 i2t_avg=0.1295 emb_norm_mean=2.0469 emb_norm_std=1.3281 head_norm_mean=0.3809 head_norm_std=0.0270
[train] epoch=2 step=22100 loss=0.1644 a2t_avg=0.1364 i2t_avg=0.1295 emb_norm_mean=2.0469 emb_norm_std=1.3281 head_norm_mean=0.3809 head_norm_std=0.0270
[train] epoch=2 step=22150 loss=0.1793 a2t_avg=0.1364 i2t_avg=0.1294 emb_norm_mean=2.0469 emb_norm_std=1.3281 head_norm_mean=0.3809 head_norm_std=0.0271
[train] epoch=2 step=22200 loss=0.1092 a2t_avg=0.1363 i2t_avg=0.1293 emb_norm_mean=2.0469 emb_norm_std=1.3281 head_norm_mean=0.3809 head_norm_std=0.0271
[train] epoch=2 step=22250 loss=0.0109 a2t_avg=0.1363 i2t_avg=0.1293 emb_norm_mean=2.0469 emb_norm_std=1.3281 head_norm_mean=0.3809 head_norm_std=0.0273
[train] epoch=2 step=22300 loss=0.1326 a2t_avg=0.1363 i2t_avg=0.1293 emb_norm_mean=2.0469 emb_norm_std=1.3281 head_norm_mean=0.3809 head_norm_std=0.0273
[train] epoch=2 step=22350 loss=0.1598 a2t_avg=0.1363 i2t_avg=0.1293 emb_norm_mean=2.0625 emb_norm_std=1.3281 head_norm_mean=0.3809 head_norm_std=0.0273
[train] epoch=2 step=22400 loss=0.1106 a2t_avg=0.1363 i2t_avg=0.1293 emb_norm_mean=2.0625 emb_norm_std=1.3281 head_norm_mean=0.3809 head_norm_std=0.0273
[train] epoch=2 step=22450 loss=0.0930 a2t_avg=0.1363 i2t_avg=0.1293 emb_norm_mean=2.0625 emb_norm_std=1.3281 head_norm_mean=0.3809 head_norm_std=0.0275
[train] epoch=2 step=22500 loss=0.1774 a2t_avg=0.1363 i2t_avg=0.1292 emb_norm_mean=2.0625 emb_norm_std=1.3281 head_norm_mean=0.3809 head_norm_std=0.0275
[train] epoch=2 step=22550 loss=0.1146 a2t_avg=0.1363 i2t_avg=0.1292 emb_norm_mean=2.0625 emb_norm_std=1.3281 head_norm_mean=0.3809 head_norm_std=0.0275
[train] epoch=2 step=22600 loss=0.1007 a2t_avg=0.1363 i2t_avg=0.1291 emb_norm_mean=2.0625 emb_norm_std=1.3281 head_norm_mean=0.3809 head_norm_std=0.0275
[train] epoch=2 step=22650 loss=0.0948 a2t_avg=0.1363 i2t_avg=0.1291 emb_norm_mean=2.0625 emb_norm_std=1.3281 head_norm_mean=0.3809 head_norm_std=0.0275
[train] epoch=2 step=22700 loss=0.1545 a2t_avg=0.1363 i2t_avg=0.1291 emb_norm_mean=2.0625 emb_norm_std=1.3359 head_norm_mean=0.3809 head_norm_std=0.0276
[train] epoch=2 step=22750 loss=0.1777 a2t_avg=0.1362 i2t_avg=0.1290 emb_norm_mean=2.0625 emb_norm_std=1.3359 head_norm_mean=0.3809 head_norm_std=0.0276
[train] epoch=2 step=22800 loss=0.0553 a2t_avg=0.1362 i2t_avg=0.1290 emb_norm_mean=2.0625 emb_norm_std=1.3359 head_norm_mean=0.3809 head_norm_std=0.0276
[train] epoch=2 step=22850 loss=0.0905 a2t_avg=0.1362 i2t_avg=0.1290 emb_norm_mean=2.0625 emb_norm_std=1.3359 head_norm_mean=0.3809 head_norm_std=0.0276
[train] epoch=2 step=22900 loss=0.0885 a2t_avg=0.1363 i2t_avg=0.1289 emb_norm_mean=2.0625 emb_norm_std=1.3359 head_norm_mean=0.3809 head_norm_std=0.0276
[train] epoch=2 step=22950 loss=0.0232 a2t_avg=0.1363 i2t_avg=0.1289 emb_norm_mean=2.0625 emb_norm_std=1.3359 head_norm_mean=0.3809 head_norm_std=0.0276
[train] epoch=2 step=23000 loss=0.0887 a2t_avg=0.1362 i2t_avg=0.1289 emb_norm_mean=2.0625 emb_norm_std=1.3359 head_norm_mean=0.3809 head_norm_std=0.0276
[ablation] step=23000 audio={'loss_correct_mean': 2.2890112586319447, 'loss_shuffle_mean': 2.317725259810686, 'loss_noise_mean': 2.7276645973324776, 'win_rate_shuffle': 0.625, 'win_rate_noise': 0.8125, 'n_examples': 64.0} image={'loss_correct_mean': 3.9503481052815914, 'loss_shuffle_mean': 3.938206784427166, 'loss_noise_mean': 4.2581814751029015, 'win_rate_shuffle': 0.390625, 'win_rate_noise': 0.65625, 'n_examples': 64.0}
[train] epoch=2 step=23050 loss=0.0785 a2t_avg=0.1362 i2t_avg=0.1289 emb_norm_mean=2.0625 emb_norm_std=1.3359 head_norm_mean=0.3809 head_norm_std=0.0276
[train] epoch=2 step=23100 loss=0.1550 a2t_avg=0.1362 i2t_avg=0.1288 emb_norm_mean=2.0625 emb_norm_std=1.3359 head_norm_mean=0.3809 head_norm_std=0.0275
[train] epoch=2 step=23150 loss=0.2484 a2t_avg=0.1362 i2t_avg=0.1288 emb_norm_mean=2.0625 emb_norm_std=1.3359 head_norm_mean=0.3809 head_norm_std=0.0276
[train] epoch=2 step=23200 loss=0.1045 a2t_avg=0.1362 i2t_avg=0.1288 emb_norm_mean=2.0625 emb_norm_std=1.3359 head_norm_mean=0.3809 head_norm_std=0.0276
[train] epoch=2 step=23250 loss=0.1151 a2t_avg=0.1362 i2t_avg=0.1287 emb_norm_mean=2.0625 emb_norm_std=1.3359 head_norm_mean=0.3809 head_norm_std=0.0276
[train] epoch=2 step=23300 loss=0.1687 a2t_avg=0.1362 i2t_avg=0.1287 emb_norm_mean=2.0781 emb_norm_std=1.3359 head_norm_mean=0.3809 head_norm_std=0.0276
[train] epoch=2 step=23350 loss=0.0902 a2t_avg=0.1361 i2t_avg=0.1286 emb_norm_mean=2.0781 emb_norm_std=1.3359 head_norm_mean=0.3809 head_norm_std=0.0276
[train] epoch=2 step=23400 loss=0.0995 a2t_avg=0.1361 i2t_avg=0.1287 emb_norm_mean=2.0781 emb_norm_std=1.3359 head_norm_mean=0.3809 head_norm_std=0.0276
[train] epoch=2 step=23450 loss=0.1372 a2t_avg=0.1361 i2t_avg=0.1286 emb_norm_mean=2.0781 emb_norm_std=1.3359 head_norm_mean=0.3809 head_norm_std=0.0276
[train] epoch=2 step=23500 loss=0.1054 a2t_avg=0.1361 i2t_avg=0.1286 emb_norm_mean=2.0781 emb_norm_std=1.3438 head_norm_mean=0.3809 head_norm_std=0.0276
[train] epoch=2 step=23550 loss=0.0908 a2t_avg=0.1361 i2t_avg=0.1285 emb_norm_mean=2.0781 emb_norm_std=1.3438 head_norm_mean=0.3809 head_norm_std=0.0276
[train] epoch=2 step=23600 loss=0.1934 a2t_avg=0.1361 i2t_avg=0.1285 emb_norm_mean=2.0781 emb_norm_std=1.3438 head_norm_mean=0.3809 head_norm_std=0.0276
[train] epoch=2 step=23650 loss=0.1135 a2t_avg=0.1362 i2t_avg=0.1285 emb_norm_mean=2.0781 emb_norm_std=1.3438 head_norm_mean=0.3809 head_norm_std=0.0276
[train] epoch=2 step=23700 loss=0.1462 a2t_avg=0.1362 i2t_avg=0.1284 emb_norm_mean=2.0781 emb_norm_std=1.3438 head_norm_mean=0.3809 head_norm_std=0.0276
[train] epoch=2 step=23750 loss=0.1979 a2t_avg=0.1361 i2t_avg=0.1284 emb_norm_mean=2.0781 emb_norm_std=1.3438 head_norm_mean=0.3809 head_norm_std=0.0276
[train] epoch=2 step=23800 loss=0.1021 a2t_avg=0.1361 i2t_avg=0.1285 emb_norm_mean=2.0781 emb_norm_std=1.3438 head_norm_mean=0.3809 head_norm_std=0.0276
[train] epoch=2 step=23850 loss=0.1597 a2t_avg=0.1361 i2t_avg=0.1284 emb_norm_mean=2.0781 emb_norm_std=1.3438 head_norm_mean=0.3809 head_norm_std=0.0276
[train] epoch=2 step=23900 loss=0.0476 a2t_avg=0.1362 i2t_avg=0.1284 emb_norm_mean=2.0781 emb_norm_std=1.3438 head_norm_mean=0.3809 head_norm_std=0.0276
[train] epoch=2 step=23950 loss=0.0905 a2t_avg=0.1362 i2t_avg=0.1283 emb_norm_mean=2.0781 emb_norm_std=1.3438 head_norm_mean=0.3809 head_norm_std=0.0276
[train] epoch=2 step=24000 loss=0.1813 a2t_avg=0.1362 i2t_avg=0.1283 emb_norm_mean=2.0781 emb_norm_std=1.3438 head_norm_mean=0.3809 head_norm_std=0.0276
[ablation] step=24000 audio={'loss_correct_mean': 2.2778942119330168, 'loss_shuffle_mean': 2.3107373053207994, 'loss_noise_mean': 2.7531134551391006, 'win_rate_shuffle': 0.5, 'win_rate_noise': 0.828125, 'n_examples': 64.0} image={'loss_correct_mean': 3.915274925529957, 'loss_shuffle_mean': 3.8804714791476727, 'loss_noise_mean': 4.3066991083323956, 'win_rate_shuffle': 0.40625, 'win_rate_noise': 0.71875, 'n_examples': 64.0}
[train] epoch=2 step=24050 loss=0.1363 a2t_avg=0.1362 i2t_avg=0.1283 emb_norm_mean=2.0781 emb_norm_std=1.3438 head_norm_mean=0.3809 head_norm_std=0.0276
[train] epoch=2 step=24100 loss=0.0798 a2t_avg=0.1362 i2t_avg=0.1283 emb_norm_mean=2.0781 emb_norm_std=1.3438 head_norm_mean=0.3809 head_norm_std=0.0276
[train] epoch=2 step=24150 loss=0.0312 a2t_avg=0.1362 i2t_avg=0.1283 emb_norm_mean=2.0781 emb_norm_std=1.3438 head_norm_mean=0.3809 head_norm_std=0.0276
[train] epoch=2 step=24200 loss=0.1954 a2t_avg=0.1362 i2t_avg=0.1283 emb_norm_mean=2.0781 emb_norm_std=1.3438 head_norm_mean=0.3809 head_norm_std=0.0276
[train] epoch=2 step=24250 loss=0.1473 a2t_avg=0.1362 i2t_avg=0.1283 emb_norm_mean=2.0781 emb_norm_std=1.3438 head_norm_mean=0.3809 head_norm_std=0.0276
[train] epoch=2 step=24300 loss=0.0577 a2t_avg=0.1361 i2t_avg=0.1282 emb_norm_mean=2.0781 emb_norm_std=1.3438 head_norm_mean=0.3809 head_norm_std=0.0276
[train] epoch=2 step=24350 loss=0.1360 a2t_avg=0.1361 i2t_avg=0.1282 emb_norm_mean=2.0781 emb_norm_std=1.3438 head_norm_mean=0.3809 head_norm_std=0.0276
[train] epoch=2 step=24400 loss=0.1558 a2t_avg=0.1361 i2t_avg=0.1282 emb_norm_mean=2.0781 emb_norm_std=1.3516 head_norm_mean=0.3809 head_norm_std=0.0276
[train] epoch=2 step=24450 loss=0.1442 a2t_avg=0.1361 i2t_avg=0.1282 emb_norm_mean=2.0781 emb_norm_std=1.3516 head_norm_mean=0.3809 head_norm_std=0.0276
[train] epoch=2 step=24500 loss=0.1237 a2t_avg=0.1361 i2t_avg=0.1282 emb_norm_mean=2.0781 emb_norm_std=1.3516 head_norm_mean=0.3809 head_norm_std=0.0276
[train] epoch=2 step=24550 loss=0.0998 a2t_avg=0.1360 i2t_avg=0.1282 emb_norm_mean=2.0781 emb_norm_std=1.3516 head_norm_mean=0.3809 head_norm_std=0.0276
