Wed Jan 28 08:17:34 PM UTC 2026
1:NAMES=silly_liskov STATUS=Up 9 minutes
1024 stage3_uti/data/reports/wavcaps_as_100k_token_hashes.jsonl
3
---
Wed Jan 28 08:27:34 PM UTC 2026
1:NAMES=silly_liskov STATUS=Up 19 minutes
2048 stage3_uti/data/reports/wavcaps_as_100k_token_hashes.jsonl
4
---
Wed Jan 28 08:37:34 PM UTC 2026
1:NAMES=silly_liskov STATUS=Up 29 minutes
3072 stage3_uti/data/reports/wavcaps_as_100k_token_hashes.jsonl
5
---
Wed Jan 28 08:47:34 PM UTC 2026
1:NAMES=silly_liskov STATUS=Up 39 minutes
5120 stage3_uti/data/reports/wavcaps_as_100k_token_hashes.jsonl
7
---
Wed Jan 28 08:57:34 PM UTC 2026
1:NAMES=silly_liskov STATUS=Up 49 minutes
6144 stage3_uti/data/reports/wavcaps_as_100k_token_hashes.jsonl
8
---
Wed Jan 28 09:07:34 PM UTC 2026
1:NAMES=silly_liskov STATUS=Up 59 minutes
7168 stage3_uti/data/reports/wavcaps_as_100k_token_hashes.jsonl
9
---
Wed Jan 28 09:17:34 PM UTC 2026
1:NAMES=silly_liskov STATUS=Up About an hour
9216 stage3_uti/data/reports/wavcaps_as_100k_token_hashes.jsonl
11
---
Wed Jan 28 09:27:34 PM UTC 2026
1:NAMES=silly_liskov STATUS=Up About an hour
10240 stage3_uti/data/reports/wavcaps_as_100k_token_hashes.jsonl
12
---
Wed Jan 28 09:37:34 PM UTC 2026
1:NAMES=silly_liskov STATUS=Up About an hour
11264 stage3_uti/data/reports/wavcaps_as_100k_token_hashes.jsonl
13
---
Wed Jan 28 09:47:34 PM UTC 2026
1:NAMES=silly_liskov STATUS=Up 2 hours
13312 stage3_uti/data/reports/wavcaps_as_100k_token_hashes.jsonl
15
---
Wed Jan 28 09:57:34 PM UTC 2026
1:NAMES=silly_liskov STATUS=Up 2 hours
14336 stage3_uti/data/reports/wavcaps_as_100k_token_hashes.jsonl
16
---
Wed Jan 28 10:07:34 PM UTC 2026
1:NAMES=silly_liskov STATUS=Up 2 hours
15360 stage3_uti/data/reports/wavcaps_as_100k_token_hashes.jsonl
17
---
Wed Jan 28 10:17:34 PM UTC 2026
1:NAMES=silly_liskov STATUS=Up 2 hours
16384 stage3_uti/data/reports/wavcaps_as_100k_token_hashes.jsonl
19
---
Wed Jan 28 10:27:34 PM UTC 2026
1:NAMES=silly_liskov STATUS=Up 2 hours
18432 stage3_uti/data/reports/wavcaps_as_100k_token_hashes.jsonl
20
---
Wed Jan 28 10:37:34 PM UTC 2026
1:NAMES=silly_liskov STATUS=Up 2 hours
19456 stage3_uti/data/reports/wavcaps_as_100k_token_hashes.jsonl
21
---
Wed Jan 28 10:47:34 PM UTC 2026
1:NAMES=silly_liskov STATUS=Up 3 hours
20480 stage3_uti/data/reports/wavcaps_as_100k_token_hashes.jsonl
23
---
Wed Jan 28 10:57:34 PM UTC 2026
1:NAMES=silly_liskov STATUS=Up 3 hours
22528 stage3_uti/data/reports/wavcaps_as_100k_token_hashes.jsonl
24
---
Wed Jan 28 11:07:34 PM UTC 2026
1:NAMES=silly_liskov STATUS=Up 3 hours
23552 stage3_uti/data/reports/wavcaps_as_100k_token_hashes.jsonl
25
---
Wed Jan 28 11:17:34 PM UTC 2026
1:NAMES=silly_liskov STATUS=Up 3 hours
24576 stage3_uti/data/reports/wavcaps_as_100k_token_hashes.jsonl
27
---
Wed Jan 28 11:27:34 PM UTC 2026
1:NAMES=silly_liskov STATUS=Up 3 hours
26624 stage3_uti/data/reports/wavcaps_as_100k_token_hashes.jsonl
28
---
Wed Jan 28 11:37:34 PM UTC 2026
1:NAMES=silly_liskov STATUS=Up 3 hours
27648 stage3_uti/data/reports/wavcaps_as_100k_token_hashes.jsonl
29
---
Wed Jan 28 11:47:34 PM UTC 2026
1:NAMES=silly_liskov STATUS=Up 4 hours
28672 stage3_uti/data/reports/wavcaps_as_100k_token_hashes.jsonl
31
---
Wed Jan 28 11:57:34 PM UTC 2026
1:NAMES=silly_liskov STATUS=Up 4 hours
30720 stage3_uti/data/reports/wavcaps_as_100k_token_hashes.jsonl
32
---
Thu Jan 29 12:07:34 AM UTC 2026
1:NAMES=silly_liskov STATUS=Up 4 hours
31744 stage3_uti/data/reports/wavcaps_as_100k_token_hashes.jsonl
33
---
Thu Jan 29 12:17:34 AM UTC 2026
1:NAMES=silly_liskov STATUS=Up 4 hours
32768 stage3_uti/data/reports/wavcaps_as_100k_token_hashes.jsonl
35
---
Thu Jan 29 12:27:34 AM UTC 2026
1:NAMES=silly_liskov STATUS=Up 4 hours
33792 stage3_uti/data/reports/wavcaps_as_100k_token_hashes.jsonl
36
---
Thu Jan 29 12:37:34 AM UTC 2026
1:NAMES=silly_liskov STATUS=Up 4 hours
35840 stage3_uti/data/reports/wavcaps_as_100k_token_hashes.jsonl
37
---
Thu Jan 29 12:47:34 AM UTC 2026
1:NAMES=silly_liskov STATUS=Up 5 hours
36864 stage3_uti/data/reports/wavcaps_as_100k_token_hashes.jsonl
39
---
Thu Jan 29 12:57:34 AM UTC 2026
1:NAMES=silly_liskov STATUS=Up 5 hours
37888 stage3_uti/data/reports/wavcaps_as_100k_token_hashes.jsonl
40
---
Thu Jan 29 01:07:34 AM UTC 2026
1:NAMES=silly_liskov STATUS=Up 5 hours
39936 stage3_uti/data/reports/wavcaps_as_100k_token_hashes.jsonl
41
---
Thu Jan 29 01:17:34 AM UTC 2026
1:NAMES=silly_liskov STATUS=Up 5 hours
40960 stage3_uti/data/reports/wavcaps_as_100k_token_hashes.jsonl
42
---
Thu Jan 29 01:27:34 AM UTC 2026
1:NAMES=silly_liskov STATUS=Up 5 hours
41984 stage3_uti/data/reports/wavcaps_as_100k_token_hashes.jsonl
44
---
Thu Jan 29 01:37:34 AM UTC 2026
1:NAMES=silly_liskov STATUS=Up 5 hours
43008 stage3_uti/data/reports/wavcaps_as_100k_token_hashes.jsonl
45
---
Thu Jan 29 01:47:34 AM UTC 2026
1:NAMES=silly_liskov STATUS=Up 6 hours
45056 stage3_uti/data/reports/wavcaps_as_100k_token_hashes.jsonl
46
---
Thu Jan 29 01:57:34 AM UTC 2026
1:NAMES=silly_liskov STATUS=Up 6 hours
46080 stage3_uti/data/reports/wavcaps_as_100k_token_hashes.jsonl
48
---
Thu Jan 29 02:07:34 AM UTC 2026
1:NAMES=silly_liskov STATUS=Up 6 hours
47104 stage3_uti/data/reports/wavcaps_as_100k_token_hashes.jsonl
49
---
Thu Jan 29 02:17:35 AM UTC 2026
1:NAMES=silly_liskov STATUS=Up 6 hours
49152 stage3_uti/data/reports/wavcaps_as_100k_token_hashes.jsonl
50
---
Thu Jan 29 02:27:35 AM UTC 2026
1:NAMES=silly_liskov STATUS=Up 6 hours
50176 stage3_uti/data/reports/wavcaps_as_100k_token_hashes.jsonl
52
---
Thu Jan 29 02:37:35 AM UTC 2026
1:NAMES=silly_liskov STATUS=Up 6 hours
51200 stage3_uti/data/reports/wavcaps_as_100k_token_hashes.jsonl
53
---
Thu Jan 29 02:47:35 AM UTC 2026
1:NAMES=silly_liskov STATUS=Up 7 hours
53248 stage3_uti/data/reports/wavcaps_as_100k_token_hashes.jsonl
54
---
Thu Jan 29 02:57:35 AM UTC 2026
1:NAMES=silly_liskov STATUS=Up 7 hours
54272 stage3_uti/data/reports/wavcaps_as_100k_token_hashes.jsonl
56
---
Thu Jan 29 03:07:35 AM UTC 2026
1:NAMES=silly_liskov STATUS=Up 7 hours
55296 stage3_uti/data/reports/wavcaps_as_100k_token_hashes.jsonl
57
---
Thu Jan 29 03:17:35 AM UTC 2026
1:NAMES=silly_liskov STATUS=Up 7 hours
56320 stage3_uti/data/reports/wavcaps_as_100k_token_hashes.jsonl
58
---
Thu Jan 29 03:27:35 AM UTC 2026
1:NAMES=silly_liskov STATUS=Up 7 hours
58368 stage3_uti/data/reports/wavcaps_as_100k_token_hashes.jsonl
60
---
Thu Jan 29 03:37:35 AM UTC 2026
1:NAMES=silly_liskov STATUS=Up 7 hours
59392 stage3_uti/data/reports/wavcaps_as_100k_token_hashes.jsonl
61
---
Thu Jan 29 03:47:35 AM UTC 2026
1:NAMES=silly_liskov STATUS=Up 8 hours
60416 stage3_uti/data/reports/wavcaps_as_100k_token_hashes.jsonl
62
---
Thu Jan 29 03:57:35 AM UTC 2026
1:NAMES=silly_liskov STATUS=Up 8 hours
62464 stage3_uti/data/reports/wavcaps_as_100k_token_hashes.jsonl
63
---
Thu Jan 29 04:07:35 AM UTC 2026
1:NAMES=silly_liskov STATUS=Up 8 hours
63488 stage3_uti/data/reports/wavcaps_as_100k_token_hashes.jsonl
65
---
Thu Jan 29 04:17:35 AM UTC 2026
1:NAMES=silly_liskov STATUS=Up 8 hours
64512 stage3_uti/data/reports/wavcaps_as_100k_token_hashes.jsonl
66
---
Thu Jan 29 04:27:35 AM UTC 2026
1:NAMES=silly_liskov STATUS=Up 8 hours
65536 stage3_uti/data/reports/wavcaps_as_100k_token_hashes.jsonl
67
---
Thu Jan 29 04:37:35 AM UTC 2026
1:NAMES=silly_liskov STATUS=Up 8 hours
67584 stage3_uti/data/reports/wavcaps_as_100k_token_hashes.jsonl
69
---
Thu Jan 29 04:47:35 AM UTC 2026
1:NAMES=silly_liskov STATUS=Up 9 hours
68608 stage3_uti/data/reports/wavcaps_as_100k_token_hashes.jsonl
70
---
Thu Jan 29 04:57:35 AM UTC 2026
1:NAMES=silly_liskov STATUS=Up 9 hours
69632 stage3_uti/data/reports/wavcaps_as_100k_token_hashes.jsonl
71
---
Thu Jan 29 05:07:35 AM UTC 2026
1:NAMES=silly_liskov STATUS=Up 9 hours
71680 stage3_uti/data/reports/wavcaps_as_100k_token_hashes.jsonl
73
---
Thu Jan 29 05:17:35 AM UTC 2026
1:NAMES=silly_liskov STATUS=Up 9 hours
72704 stage3_uti/data/reports/wavcaps_as_100k_token_hashes.jsonl
74
---
Thu Jan 29 05:27:35 AM UTC 2026
1:NAMES=silly_liskov STATUS=Up 9 hours
73728 stage3_uti/data/reports/wavcaps_as_100k_token_hashes.jsonl
75
---
Thu Jan 29 05:37:35 AM UTC 2026
1:NAMES=silly_liskov STATUS=Up 9 hours
75776 stage3_uti/data/reports/wavcaps_as_100k_token_hashes.jsonl
77
---
Thu Jan 29 05:47:35 AM UTC 2026
1:NAMES=silly_liskov STATUS=Up 10 hours
76800 stage3_uti/data/reports/wavcaps_as_100k_token_hashes.jsonl
78
---
Thu Jan 29 05:57:35 AM UTC 2026
1:NAMES=silly_liskov STATUS=Up 10 hours
77824 stage3_uti/data/reports/wavcaps_as_100k_token_hashes.jsonl
79
---
Thu Jan 29 06:07:35 AM UTC 2026
1:NAMES=silly_liskov STATUS=Up 10 hours
78848 stage3_uti/data/reports/wavcaps_as_100k_token_hashes.jsonl
81
---
Thu Jan 29 06:17:35 AM UTC 2026
1:NAMES=silly_liskov STATUS=Up 10 hours
80896 stage3_uti/data/reports/wavcaps_as_100k_token_hashes.jsonl
82
---
Thu Jan 29 06:27:35 AM UTC 2026
1:NAMES=silly_liskov STATUS=Up 10 hours
81920 stage3_uti/data/reports/wavcaps_as_100k_token_hashes.jsonl
83
---
Thu Jan 29 06:37:35 AM UTC 2026
1:NAMES=silly_liskov STATUS=Up 10 hours
82944 stage3_uti/data/reports/wavcaps_as_100k_token_hashes.jsonl
84
---
Thu Jan 29 06:47:35 AM UTC 2026
1:NAMES=silly_liskov STATUS=Up 11 hours
84992 stage3_uti/data/reports/wavcaps_as_100k_token_hashes.jsonl
86
---
Thu Jan 29 06:57:35 AM UTC 2026
1:NAMES=silly_liskov STATUS=Up 11 hours
86016 stage3_uti/data/reports/wavcaps_as_100k_token_hashes.jsonl
87
---
Thu Jan 29 07:07:35 AM UTC 2026
1:NAMES=silly_liskov STATUS=Up 11 hours
87040 stage3_uti/data/reports/wavcaps_as_100k_token_hashes.jsonl
88
---
Thu Jan 29 07:17:35 AM UTC 2026
1:NAMES=silly_liskov STATUS=Up 11 hours
88064 stage3_uti/data/reports/wavcaps_as_100k_token_hashes.jsonl
90
---
Thu Jan 29 07:27:35 AM UTC 2026
1:NAMES=silly_liskov STATUS=Up 11 hours
90112 stage3_uti/data/reports/wavcaps_as_100k_token_hashes.jsonl
91
---
Thu Jan 29 07:37:35 AM UTC 2026
1:NAMES=silly_liskov STATUS=Up 11 hours
91136 stage3_uti/data/reports/wavcaps_as_100k_token_hashes.jsonl
92
---
Thu Jan 29 07:47:35 AM UTC 2026
1:NAMES=silly_liskov STATUS=Up 12 hours
92160 stage3_uti/data/reports/wavcaps_as_100k_token_hashes.jsonl
94
---
Thu Jan 29 07:57:35 AM UTC 2026
1:NAMES=silly_liskov STATUS=Up 12 hours
94208 stage3_uti/data/reports/wavcaps_as_100k_token_hashes.jsonl
95
---
Thu Jan 29 08:07:35 AM UTC 2026
1:NAMES=silly_liskov STATUS=Up 12 hours
95232 stage3_uti/data/reports/wavcaps_as_100k_token_hashes.jsonl
96
---
Thu Jan 29 08:17:35 AM UTC 2026
1:NAMES=silly_liskov STATUS=Up 12 hours
96256 stage3_uti/data/reports/wavcaps_as_100k_token_hashes.jsonl
98
---
Thu Jan 29 08:27:35 AM UTC 2026
1:NAMES=silly_liskov STATUS=Up 12 hours
97280 stage3_uti/data/reports/wavcaps_as_100k_token_hashes.jsonl
99
---
Thu Jan 29 08:37:35 AM UTC 2026
1:NAMES=silly_liskov STATUS=Up 12 hours
99328 stage3_uti/data/reports/wavcaps_as_100k_token_hashes.jsonl
101
---
Thu Jan 29 08:47:35 AM UTC 2026
99994 stage3_uti/data/reports/wavcaps_as_100k_token_hashes.jsonl
101
---
Thu Jan 29 08:57:35 AM UTC 2026
99994 stage3_uti/data/reports/wavcaps_as_100k_token_hashes.jsonl
101
---
Thu Jan 29 09:07:36 AM UTC 2026
99994 stage3_uti/data/reports/wavcaps_as_100k_token_hashes.jsonl
101
---
Thu Jan 29 09:17:36 AM UTC 2026
99994 stage3_uti/data/reports/wavcaps_as_100k_token_hashes.jsonl
101
---
Thu Jan 29 09:27:36 AM UTC 2026
99994 stage3_uti/data/reports/wavcaps_as_100k_token_hashes.jsonl
101
---
Thu Jan 29 09:37:36 AM UTC 2026
99994 stage3_uti/data/reports/wavcaps_as_100k_token_hashes.jsonl
101
---
Thu Jan 29 09:47:36 AM UTC 2026
99994 stage3_uti/data/reports/wavcaps_as_100k_token_hashes.jsonl
101
---
Thu Jan 29 09:57:36 AM UTC 2026
99994 stage3_uti/data/reports/wavcaps_as_100k_token_hashes.jsonl
101
---
Thu Jan 29 10:07:36 AM UTC 2026
99994 stage3_uti/data/reports/wavcaps_as_100k_token_hashes.jsonl
101
---
Thu Jan 29 10:17:36 AM UTC 2026
99994 stage3_uti/data/reports/wavcaps_as_100k_token_hashes.jsonl
101
---
Thu Jan 29 10:27:36 AM UTC 2026
99994 stage3_uti/data/reports/wavcaps_as_100k_token_hashes.jsonl
101
---
Thu Jan 29 10:37:36 AM UTC 2026
99994 stage3_uti/data/reports/wavcaps_as_100k_token_hashes.jsonl
101
---
Thu Jan 29 10:47:36 AM UTC 2026
99994 stage3_uti/data/reports/wavcaps_as_100k_token_hashes.jsonl
101
---
Thu Jan 29 10:57:36 AM UTC 2026
99994 stage3_uti/data/reports/wavcaps_as_100k_token_hashes.jsonl
101
---
Thu Jan 29 11:07:36 AM UTC 2026
99994 stage3_uti/data/reports/wavcaps_as_100k_token_hashes.jsonl
101
---
Thu Jan 29 11:17:36 AM UTC 2026
99994 stage3_uti/data/reports/wavcaps_as_100k_token_hashes.jsonl
101
---
Thu Jan 29 11:27:36 AM UTC 2026
99994 stage3_uti/data/reports/wavcaps_as_100k_token_hashes.jsonl
101
---
Thu Jan 29 11:37:36 AM UTC 2026
99994 stage3_uti/data/reports/wavcaps_as_100k_token_hashes.jsonl
101
---
Thu Jan 29 11:47:36 AM UTC 2026
99994 stage3_uti/data/reports/wavcaps_as_100k_token_hashes.jsonl
101
---
Thu Jan 29 11:57:36 AM UTC 2026
99994 stage3_uti/data/reports/wavcaps_as_100k_token_hashes.jsonl
101
---
Thu Jan 29 12:07:36 PM UTC 2026
99994 stage3_uti/data/reports/wavcaps_as_100k_token_hashes.jsonl
101
---
Thu Jan 29 12:17:36 PM UTC 2026
99994 stage3_uti/data/reports/wavcaps_as_100k_token_hashes.jsonl
101
---
Thu Jan 29 12:27:36 PM UTC 2026
99994 stage3_uti/data/reports/wavcaps_as_100k_token_hashes.jsonl
101
---
Thu Jan 29 12:37:36 PM UTC 2026
99994 stage3_uti/data/reports/wavcaps_as_100k_token_hashes.jsonl
101
---
Thu Jan 29 12:47:36 PM UTC 2026
99994 stage3_uti/data/reports/wavcaps_as_100k_token_hashes.jsonl
101
---
Thu Jan 29 12:57:36 PM UTC 2026
99994 stage3_uti/data/reports/wavcaps_as_100k_token_hashes.jsonl
101
---
Thu Jan 29 01:07:36 PM UTC 2026
99994 stage3_uti/data/reports/wavcaps_as_100k_token_hashes.jsonl
101
---
Thu Jan 29 01:17:36 PM UTC 2026
99994 stage3_uti/data/reports/wavcaps_as_100k_token_hashes.jsonl
101
---
Thu Jan 29 01:27:36 PM UTC 2026
99994 stage3_uti/data/reports/wavcaps_as_100k_token_hashes.jsonl
101
---
Thu Jan 29 01:37:36 PM UTC 2026
99994 stage3_uti/data/reports/wavcaps_as_100k_token_hashes.jsonl
101
---
Thu Jan 29 01:47:36 PM UTC 2026
99994 stage3_uti/data/reports/wavcaps_as_100k_token_hashes.jsonl
101
---
Thu Jan 29 01:57:36 PM UTC 2026
99994 stage3_uti/data/reports/wavcaps_as_100k_token_hashes.jsonl
101
---
Thu Jan 29 02:07:36 PM UTC 2026
99994 stage3_uti/data/reports/wavcaps_as_100k_token_hashes.jsonl
101
---
Thu Jan 29 02:17:36 PM UTC 2026
99994 stage3_uti/data/reports/wavcaps_as_100k_token_hashes.jsonl
101
---
Thu Jan 29 02:27:36 PM UTC 2026
99994 stage3_uti/data/reports/wavcaps_as_100k_token_hashes.jsonl
101
---
Thu Jan 29 02:37:36 PM UTC 2026
99994 stage3_uti/data/reports/wavcaps_as_100k_token_hashes.jsonl
101
---
Thu Jan 29 02:47:36 PM UTC 2026
99994 stage3_uti/data/reports/wavcaps_as_100k_token_hashes.jsonl
101
---
Thu Jan 29 02:57:36 PM UTC 2026
99994 stage3_uti/data/reports/wavcaps_as_100k_token_hashes.jsonl
101
---
Thu Jan 29 03:07:36 PM UTC 2026
99994 stage3_uti/data/reports/wavcaps_as_100k_token_hashes.jsonl
101
---
Thu Jan 29 03:17:36 PM UTC 2026
99994 stage3_uti/data/reports/wavcaps_as_100k_token_hashes.jsonl
101
---
Thu Jan 29 03:27:36 PM UTC 2026
99994 stage3_uti/data/reports/wavcaps_as_100k_token_hashes.jsonl
101
---
Thu Jan 29 03:37:36 PM UTC 2026
99994 stage3_uti/data/reports/wavcaps_as_100k_token_hashes.jsonl
101
---
Thu Jan 29 03:47:36 PM UTC 2026
99994 stage3_uti/data/reports/wavcaps_as_100k_token_hashes.jsonl
101
---
Thu Jan 29 03:57:36 PM UTC 2026
99994 stage3_uti/data/reports/wavcaps_as_100k_token_hashes.jsonl
101
---
Thu Jan 29 04:07:36 PM UTC 2026
99994 stage3_uti/data/reports/wavcaps_as_100k_token_hashes.jsonl
101
---
Thu Jan 29 04:17:37 PM UTC 2026
99994 stage3_uti/data/reports/wavcaps_as_100k_token_hashes.jsonl
101
---
Thu Jan 29 04:27:37 PM UTC 2026
99994 stage3_uti/data/reports/wavcaps_as_100k_token_hashes.jsonl
101
---
Thu Jan 29 04:37:37 PM UTC 2026
99994 stage3_uti/data/reports/wavcaps_as_100k_token_hashes.jsonl
101
---
Thu Jan 29 04:47:37 PM UTC 2026
99994 stage3_uti/data/reports/wavcaps_as_100k_token_hashes.jsonl
101
---
Thu Jan 29 04:57:37 PM UTC 2026
99994 stage3_uti/data/reports/wavcaps_as_100k_token_hashes.jsonl
101
---
Thu Jan 29 05:07:37 PM UTC 2026
99994 stage3_uti/data/reports/wavcaps_as_100k_token_hashes.jsonl
101
---
Thu Jan 29 05:17:37 PM UTC 2026
99994 stage3_uti/data/reports/wavcaps_as_100k_token_hashes.jsonl
101
---
Thu Jan 29 05:27:37 PM UTC 2026
99994 stage3_uti/data/reports/wavcaps_as_100k_token_hashes.jsonl
101
---
Thu Jan 29 05:37:37 PM UTC 2026
99994 stage3_uti/data/reports/wavcaps_as_100k_token_hashes.jsonl
101
---
Thu Jan 29 05:47:37 PM UTC 2026
99994 stage3_uti/data/reports/wavcaps_as_100k_token_hashes.jsonl
101
---
Thu Jan 29 05:57:37 PM UTC 2026
99994 stage3_uti/data/reports/wavcaps_as_100k_token_hashes.jsonl
101
---
Thu Jan 29 06:07:37 PM UTC 2026
99994 stage3_uti/data/reports/wavcaps_as_100k_token_hashes.jsonl
101
---
Thu Jan 29 06:17:37 PM UTC 2026
99994 stage3_uti/data/reports/wavcaps_as_100k_token_hashes.jsonl
101
---
Thu Jan 29 06:27:37 PM UTC 2026
99994 stage3_uti/data/reports/wavcaps_as_100k_token_hashes.jsonl
101
---
Thu Jan 29 06:37:37 PM UTC 2026
99994 stage3_uti/data/reports/wavcaps_as_100k_token_hashes.jsonl
101
---
Thu Jan 29 06:47:37 PM UTC 2026
99994 stage3_uti/data/reports/wavcaps_as_100k_token_hashes.jsonl
101
---
Thu Jan 29 06:57:37 PM UTC 2026
99994 stage3_uti/data/reports/wavcaps_as_100k_token_hashes.jsonl
101
---
Thu Jan 29 07:07:37 PM UTC 2026
99994 stage3_uti/data/reports/wavcaps_as_100k_token_hashes.jsonl
101
---
Thu Jan 29 07:17:37 PM UTC 2026
99994 stage3_uti/data/reports/wavcaps_as_100k_token_hashes.jsonl
101
---
Thu Jan 29 07:27:37 PM UTC 2026
99994 stage3_uti/data/reports/wavcaps_as_100k_token_hashes.jsonl
101
---
Thu Jan 29 07:37:37 PM UTC 2026
99994 stage3_uti/data/reports/wavcaps_as_100k_token_hashes.jsonl
101
---
Thu Jan 29 07:47:37 PM UTC 2026
99994 stage3_uti/data/reports/wavcaps_as_100k_token_hashes.jsonl
101
---
Thu Jan 29 07:57:37 PM UTC 2026
99994 stage3_uti/data/reports/wavcaps_as_100k_token_hashes.jsonl
101
---
Thu Jan 29 08:07:37 PM UTC 2026
99994 stage3_uti/data/reports/wavcaps_as_100k_token_hashes.jsonl
101
---
Thu Jan 29 08:17:37 PM UTC 2026
99994 stage3_uti/data/reports/wavcaps_as_100k_token_hashes.jsonl
101
---
Thu Jan 29 08:27:37 PM UTC 2026
99994 stage3_uti/data/reports/wavcaps_as_100k_token_hashes.jsonl
101
---
Thu Jan 29 08:37:37 PM UTC 2026
99994 stage3_uti/data/reports/wavcaps_as_100k_token_hashes.jsonl
101
---
Thu Jan 29 08:47:37 PM UTC 2026
99994 stage3_uti/data/reports/wavcaps_as_100k_token_hashes.jsonl
101
---
Thu Jan 29 08:57:37 PM UTC 2026
99994 stage3_uti/data/reports/wavcaps_as_100k_token_hashes.jsonl
101
---
Thu Jan 29 09:07:37 PM UTC 2026
99994 stage3_uti/data/reports/wavcaps_as_100k_token_hashes.jsonl
101
---
Thu Jan 29 09:17:37 PM UTC 2026
99994 stage3_uti/data/reports/wavcaps_as_100k_token_hashes.jsonl
101
---
Thu Jan 29 09:27:37 PM UTC 2026
99994 stage3_uti/data/reports/wavcaps_as_100k_token_hashes.jsonl
101
---
Thu Jan 29 09:37:37 PM UTC 2026
99994 stage3_uti/data/reports/wavcaps_as_100k_token_hashes.jsonl
101
---
Thu Jan 29 09:47:37 PM UTC 2026
99994 stage3_uti/data/reports/wavcaps_as_100k_token_hashes.jsonl
101
---
Thu Jan 29 09:57:37 PM UTC 2026
99994 stage3_uti/data/reports/wavcaps_as_100k_token_hashes.jsonl
101
---
Thu Jan 29 10:07:37 PM UTC 2026
99994 stage3_uti/data/reports/wavcaps_as_100k_token_hashes.jsonl
101
---
Thu Jan 29 10:17:37 PM UTC 2026
99994 stage3_uti/data/reports/wavcaps_as_100k_token_hashes.jsonl
101
---
Thu Jan 29 10:27:38 PM UTC 2026
99994 stage3_uti/data/reports/wavcaps_as_100k_token_hashes.jsonl
101
---
Thu Jan 29 10:37:38 PM UTC 2026
99994 stage3_uti/data/reports/wavcaps_as_100k_token_hashes.jsonl
101
---
Thu Jan 29 10:47:38 PM UTC 2026
99994 stage3_uti/data/reports/wavcaps_as_100k_token_hashes.jsonl
101
---
Thu Jan 29 10:57:38 PM UTC 2026
99994 stage3_uti/data/reports/wavcaps_as_100k_token_hashes.jsonl
101
---
Thu Jan 29 11:07:38 PM UTC 2026
99994 stage3_uti/data/reports/wavcaps_as_100k_token_hashes.jsonl
101
---
Thu Jan 29 11:17:38 PM UTC 2026
99994 stage3_uti/data/reports/wavcaps_as_100k_token_hashes.jsonl
101
---
Thu Jan 29 11:27:38 PM UTC 2026
99994 stage3_uti/data/reports/wavcaps_as_100k_token_hashes.jsonl
101
---
Thu Jan 29 11:37:38 PM UTC 2026
99994 stage3_uti/data/reports/wavcaps_as_100k_token_hashes.jsonl
101
---
Thu Jan 29 11:47:38 PM UTC 2026
99994 stage3_uti/data/reports/wavcaps_as_100k_token_hashes.jsonl
101
---
Thu Jan 29 11:57:39 PM UTC 2026
99994 stage3_uti/data/reports/wavcaps_as_100k_token_hashes.jsonl
101
---
Fri Jan 30 12:07:39 AM UTC 2026
99994 stage3_uti/data/reports/wavcaps_as_100k_token_hashes.jsonl
101
---
Fri Jan 30 12:17:39 AM UTC 2026
99994 stage3_uti/data/reports/wavcaps_as_100k_token_hashes.jsonl
101
---
Fri Jan 30 12:27:39 AM UTC 2026
99994 stage3_uti/data/reports/wavcaps_as_100k_token_hashes.jsonl
101
---
Fri Jan 30 12:37:39 AM UTC 2026
99994 stage3_uti/data/reports/wavcaps_as_100k_token_hashes.jsonl
101
---
Fri Jan 30 12:47:39 AM UTC 2026
99994 stage3_uti/data/reports/wavcaps_as_100k_token_hashes.jsonl
101
---
Fri Jan 30 12:57:39 AM UTC 2026
99994 stage3_uti/data/reports/wavcaps_as_100k_token_hashes.jsonl
101
---
Fri Jan 30 01:07:39 AM UTC 2026
99994 stage3_uti/data/reports/wavcaps_as_100k_token_hashes.jsonl
101
---
Fri Jan 30 01:17:39 AM UTC 2026
99994 stage3_uti/data/reports/wavcaps_as_100k_token_hashes.jsonl
101
---
Fri Jan 30 01:27:39 AM UTC 2026
99994 stage3_uti/data/reports/wavcaps_as_100k_token_hashes.jsonl
101
---
Fri Jan 30 01:37:39 AM UTC 2026
99994 stage3_uti/data/reports/wavcaps_as_100k_token_hashes.jsonl
101
---
Fri Jan 30 01:47:39 AM UTC 2026
99994 stage3_uti/data/reports/wavcaps_as_100k_token_hashes.jsonl
101
---
Fri Jan 30 01:57:39 AM UTC 2026
99994 stage3_uti/data/reports/wavcaps_as_100k_token_hashes.jsonl
101
---
Fri Jan 30 02:07:39 AM UTC 2026
99994 stage3_uti/data/reports/wavcaps_as_100k_token_hashes.jsonl
101
---
Fri Jan 30 02:17:39 AM UTC 2026
99994 stage3_uti/data/reports/wavcaps_as_100k_token_hashes.jsonl
101
---
Fri Jan 30 02:27:39 AM UTC 2026
99994 stage3_uti/data/reports/wavcaps_as_100k_token_hashes.jsonl
101
---
Fri Jan 30 02:37:39 AM UTC 2026
99994 stage3_uti/data/reports/wavcaps_as_100k_token_hashes.jsonl
101
---
Fri Jan 30 02:47:39 AM UTC 2026
99994 stage3_uti/data/reports/wavcaps_as_100k_token_hashes.jsonl
101
---
Fri Jan 30 02:57:39 AM UTC 2026
99994 stage3_uti/data/reports/wavcaps_as_100k_token_hashes.jsonl
101
---
Fri Jan 30 03:07:39 AM UTC 2026
99994 stage3_uti/data/reports/wavcaps_as_100k_token_hashes.jsonl
101
---
Fri Jan 30 03:17:39 AM UTC 2026
99994 stage3_uti/data/reports/wavcaps_as_100k_token_hashes.jsonl
101
---
Fri Jan 30 03:27:39 AM UTC 2026
99994 stage3_uti/data/reports/wavcaps_as_100k_token_hashes.jsonl
101
---
Fri Jan 30 03:37:39 AM UTC 2026
99994 stage3_uti/data/reports/wavcaps_as_100k_token_hashes.jsonl
101
---
Fri Jan 30 03:47:39 AM UTC 2026
99994 stage3_uti/data/reports/wavcaps_as_100k_token_hashes.jsonl
101
---
Fri Jan 30 03:57:39 AM UTC 2026
99994 stage3_uti/data/reports/wavcaps_as_100k_token_hashes.jsonl
101
---
Fri Jan 30 04:07:39 AM UTC 2026
99994 stage3_uti/data/reports/wavcaps_as_100k_token_hashes.jsonl
101
---
Fri Jan 30 04:17:39 AM UTC 2026
99994 stage3_uti/data/reports/wavcaps_as_100k_token_hashes.jsonl
101
---
Fri Jan 30 04:27:39 AM UTC 2026
99994 stage3_uti/data/reports/wavcaps_as_100k_token_hashes.jsonl
101
---
Fri Jan 30 04:37:39 AM UTC 2026
99994 stage3_uti/data/reports/wavcaps_as_100k_token_hashes.jsonl
101
---
Fri Jan 30 04:47:39 AM UTC 2026
99994 stage3_uti/data/reports/wavcaps_as_100k_token_hashes.jsonl
101
---
Fri Jan 30 04:57:39 AM UTC 2026
99994 stage3_uti/data/reports/wavcaps_as_100k_token_hashes.jsonl
101
---
Fri Jan 30 05:07:39 AM UTC 2026
99994 stage3_uti/data/reports/wavcaps_as_100k_token_hashes.jsonl
101
---
Fri Jan 30 05:17:39 AM UTC 2026
99994 stage3_uti/data/reports/wavcaps_as_100k_token_hashes.jsonl
101
---
Fri Jan 30 05:27:39 AM UTC 2026
99994 stage3_uti/data/reports/wavcaps_as_100k_token_hashes.jsonl
101
---
Fri Jan 30 05:37:39 AM UTC 2026
99994 stage3_uti/data/reports/wavcaps_as_100k_token_hashes.jsonl
101
---
Fri Jan 30 05:47:39 AM UTC 2026
99994 stage3_uti/data/reports/wavcaps_as_100k_token_hashes.jsonl
101
---
Fri Jan 30 05:57:39 AM UTC 2026
99994 stage3_uti/data/reports/wavcaps_as_100k_token_hashes.jsonl
101
---
Fri Jan 30 06:07:39 AM UTC 2026
99994 stage3_uti/data/reports/wavcaps_as_100k_token_hashes.jsonl
101
---
Fri Jan 30 06:17:40 AM UTC 2026
99994 stage3_uti/data/reports/wavcaps_as_100k_token_hashes.jsonl
101
---
Fri Jan 30 06:27:40 AM UTC 2026
99994 stage3_uti/data/reports/wavcaps_as_100k_token_hashes.jsonl
101
---
Fri Jan 30 06:37:40 AM UTC 2026
99994 stage3_uti/data/reports/wavcaps_as_100k_token_hashes.jsonl
101
---
Fri Jan 30 06:47:40 AM UTC 2026
99994 stage3_uti/data/reports/wavcaps_as_100k_token_hashes.jsonl
101
---
Fri Jan 30 06:57:40 AM UTC 2026
99994 stage3_uti/data/reports/wavcaps_as_100k_token_hashes.jsonl
101
---
Fri Jan 30 07:07:40 AM UTC 2026
99994 stage3_uti/data/reports/wavcaps_as_100k_token_hashes.jsonl
101
---
Fri Jan 30 07:17:40 AM UTC 2026
99994 stage3_uti/data/reports/wavcaps_as_100k_token_hashes.jsonl
101
---
Fri Jan 30 07:27:40 AM UTC 2026
99994 stage3_uti/data/reports/wavcaps_as_100k_token_hashes.jsonl
101
---
Fri Jan 30 07:37:40 AM UTC 2026
99994 stage3_uti/data/reports/wavcaps_as_100k_token_hashes.jsonl
101
---
Fri Jan 30 07:47:40 AM UTC 2026
99994 stage3_uti/data/reports/wavcaps_as_100k_token_hashes.jsonl
101
---
Fri Jan 30 07:57:40 AM UTC 2026
99994 stage3_uti/data/reports/wavcaps_as_100k_token_hashes.jsonl
101
---
Fri Jan 30 08:07:40 AM UTC 2026
99994 stage3_uti/data/reports/wavcaps_as_100k_token_hashes.jsonl
101
---
Fri Jan 30 08:17:40 AM UTC 2026
99994 stage3_uti/data/reports/wavcaps_as_100k_token_hashes.jsonl
101
---
Fri Jan 30 08:27:40 AM UTC 2026
99994 stage3_uti/data/reports/wavcaps_as_100k_token_hashes.jsonl
101
---
Fri Jan 30 08:37:40 AM UTC 2026
99994 stage3_uti/data/reports/wavcaps_as_100k_token_hashes.jsonl
101
---
Fri Jan 30 08:47:40 AM UTC 2026
99994 stage3_uti/data/reports/wavcaps_as_100k_token_hashes.jsonl
101
---
Fri Jan 30 08:57:40 AM UTC 2026
99994 stage3_uti/data/reports/wavcaps_as_100k_token_hashes.jsonl
101
---
Fri Jan 30 09:07:40 AM UTC 2026
99994 stage3_uti/data/reports/wavcaps_as_100k_token_hashes.jsonl
101
---
Fri Jan 30 09:17:40 AM UTC 2026
99994 stage3_uti/data/reports/wavcaps_as_100k_token_hashes.jsonl
101
---
Fri Jan 30 09:27:40 AM UTC 2026
99994 stage3_uti/data/reports/wavcaps_as_100k_token_hashes.jsonl
101
---
Fri Jan 30 09:37:40 AM UTC 2026
99994 stage3_uti/data/reports/wavcaps_as_100k_token_hashes.jsonl
101
---
Fri Jan 30 09:47:40 AM UTC 2026
99994 stage3_uti/data/reports/wavcaps_as_100k_token_hashes.jsonl
101
---
Fri Jan 30 09:57:40 AM UTC 2026
99994 stage3_uti/data/reports/wavcaps_as_100k_token_hashes.jsonl
101
---
Fri Jan 30 10:07:40 AM UTC 2026
99994 stage3_uti/data/reports/wavcaps_as_100k_token_hashes.jsonl
101
---
Fri Jan 30 10:17:40 AM UTC 2026
99994 stage3_uti/data/reports/wavcaps_as_100k_token_hashes.jsonl
101
---
Fri Jan 30 10:27:40 AM UTC 2026
99994 stage3_uti/data/reports/wavcaps_as_100k_token_hashes.jsonl
101
---
Fri Jan 30 10:37:40 AM UTC 2026
99994 stage3_uti/data/reports/wavcaps_as_100k_token_hashes.jsonl
101
---
Fri Jan 30 10:47:40 AM UTC 2026
99994 stage3_uti/data/reports/wavcaps_as_100k_token_hashes.jsonl
101
---
Fri Jan 30 10:57:40 AM UTC 2026
99994 stage3_uti/data/reports/wavcaps_as_100k_token_hashes.jsonl
101
---
Fri Jan 30 11:07:40 AM UTC 2026
99994 stage3_uti/data/reports/wavcaps_as_100k_token_hashes.jsonl
101
---
Fri Jan 30 11:17:40 AM UTC 2026
99994 stage3_uti/data/reports/wavcaps_as_100k_token_hashes.jsonl
101
---
Fri Jan 30 11:27:40 AM UTC 2026
99994 stage3_uti/data/reports/wavcaps_as_100k_token_hashes.jsonl
101
---
Fri Jan 30 11:37:40 AM UTC 2026
99994 stage3_uti/data/reports/wavcaps_as_100k_token_hashes.jsonl
101
---
Fri Jan 30 11:47:40 AM UTC 2026
99994 stage3_uti/data/reports/wavcaps_as_100k_token_hashes.jsonl
101
---
Fri Jan 30 11:57:40 AM UTC 2026
99994 stage3_uti/data/reports/wavcaps_as_100k_token_hashes.jsonl
101
---
Fri Jan 30 12:07:40 PM UTC 2026
99994 stage3_uti/data/reports/wavcaps_as_100k_token_hashes.jsonl
101
---
Fri Jan 30 12:17:40 PM UTC 2026
99994 stage3_uti/data/reports/wavcaps_as_100k_token_hashes.jsonl
101
---
Fri Jan 30 12:27:40 PM UTC 2026
99994 stage3_uti/data/reports/wavcaps_as_100k_token_hashes.jsonl
101
---
Fri Jan 30 12:37:40 PM UTC 2026
99994 stage3_uti/data/reports/wavcaps_as_100k_token_hashes.jsonl
101
---
Fri Jan 30 12:47:40 PM UTC 2026
99994 stage3_uti/data/reports/wavcaps_as_100k_token_hashes.jsonl
101
---
Fri Jan 30 12:57:40 PM UTC 2026
99994 stage3_uti/data/reports/wavcaps_as_100k_token_hashes.jsonl
101
---
Fri Jan 30 01:07:40 PM UTC 2026
99994 stage3_uti/data/reports/wavcaps_as_100k_token_hashes.jsonl
101
---
Fri Jan 30 01:17:41 PM UTC 2026
99994 stage3_uti/data/reports/wavcaps_as_100k_token_hashes.jsonl
101
---
Fri Jan 30 01:27:41 PM UTC 2026
99994 stage3_uti/data/reports/wavcaps_as_100k_token_hashes.jsonl
101
---
Fri Jan 30 01:37:41 PM UTC 2026
99994 stage3_uti/data/reports/wavcaps_as_100k_token_hashes.jsonl
101
---
Fri Jan 30 01:47:41 PM UTC 2026
99994 stage3_uti/data/reports/wavcaps_as_100k_token_hashes.jsonl
101
---
Fri Jan 30 01:57:41 PM UTC 2026
99994 stage3_uti/data/reports/wavcaps_as_100k_token_hashes.jsonl
101
---
Fri Jan 30 02:07:41 PM UTC 2026
99994 stage3_uti/data/reports/wavcaps_as_100k_token_hashes.jsonl
101
---
Fri Jan 30 02:17:41 PM UTC 2026
99994 stage3_uti/data/reports/wavcaps_as_100k_token_hashes.jsonl
101
---
Fri Jan 30 02:27:41 PM UTC 2026
99994 stage3_uti/data/reports/wavcaps_as_100k_token_hashes.jsonl
101
---
Fri Jan 30 02:37:41 PM UTC 2026
99994 stage3_uti/data/reports/wavcaps_as_100k_token_hashes.jsonl
101
---
Fri Jan 30 02:47:41 PM UTC 2026
99994 stage3_uti/data/reports/wavcaps_as_100k_token_hashes.jsonl
101
---
Fri Jan 30 02:57:41 PM UTC 2026
99994 stage3_uti/data/reports/wavcaps_as_100k_token_hashes.jsonl
101
---
Fri Jan 30 03:07:41 PM UTC 2026
99994 stage3_uti/data/reports/wavcaps_as_100k_token_hashes.jsonl
101
---
Fri Jan 30 03:17:41 PM UTC 2026
99994 stage3_uti/data/reports/wavcaps_as_100k_token_hashes.jsonl
101
---
Fri Jan 30 03:27:41 PM UTC 2026
99994 stage3_uti/data/reports/wavcaps_as_100k_token_hashes.jsonl
101
---
Fri Jan 30 03:37:41 PM UTC 2026
99994 stage3_uti/data/reports/wavcaps_as_100k_token_hashes.jsonl
101
---
Fri Jan 30 03:47:41 PM UTC 2026
99994 stage3_uti/data/reports/wavcaps_as_100k_token_hashes.jsonl
101
---
Fri Jan 30 03:57:41 PM UTC 2026
99994 stage3_uti/data/reports/wavcaps_as_100k_token_hashes.jsonl
101
---
Fri Jan 30 04:07:41 PM UTC 2026
99994 stage3_uti/data/reports/wavcaps_as_100k_token_hashes.jsonl
101
---
Fri Jan 30 04:17:41 PM UTC 2026
99994 stage3_uti/data/reports/wavcaps_as_100k_token_hashes.jsonl
101
---
Fri Jan 30 04:27:41 PM UTC 2026
99994 stage3_uti/data/reports/wavcaps_as_100k_token_hashes.jsonl
101
---
Fri Jan 30 04:37:41 PM UTC 2026
99994 stage3_uti/data/reports/wavcaps_as_100k_token_hashes.jsonl
101
---
Fri Jan 30 04:47:41 PM UTC 2026
99994 stage3_uti/data/reports/wavcaps_as_100k_token_hashes.jsonl
101
---
Fri Jan 30 04:57:41 PM UTC 2026
99994 stage3_uti/data/reports/wavcaps_as_100k_token_hashes.jsonl
101
---
Fri Jan 30 05:07:41 PM UTC 2026
99994 stage3_uti/data/reports/wavcaps_as_100k_token_hashes.jsonl
101
---
Fri Jan 30 05:17:41 PM UTC 2026
99994 stage3_uti/data/reports/wavcaps_as_100k_token_hashes.jsonl
101
---
Fri Jan 30 05:27:41 PM UTC 2026
99994 stage3_uti/data/reports/wavcaps_as_100k_token_hashes.jsonl
101
---
Fri Jan 30 05:37:41 PM UTC 2026
99994 stage3_uti/data/reports/wavcaps_as_100k_token_hashes.jsonl
101
---
Fri Jan 30 05:47:41 PM UTC 2026
99994 stage3_uti/data/reports/wavcaps_as_100k_token_hashes.jsonl
101
---
Fri Jan 30 05:57:41 PM UTC 2026
99994 stage3_uti/data/reports/wavcaps_as_100k_token_hashes.jsonl
101
---
Fri Jan 30 06:07:41 PM UTC 2026
99994 stage3_uti/data/reports/wavcaps_as_100k_token_hashes.jsonl
101
---
Fri Jan 30 06:17:41 PM UTC 2026
99994 stage3_uti/data/reports/wavcaps_as_100k_token_hashes.jsonl
101
---
Fri Jan 30 06:27:41 PM UTC 2026
99994 stage3_uti/data/reports/wavcaps_as_100k_token_hashes.jsonl
101
---
Fri Jan 30 06:37:41 PM UTC 2026
99994 stage3_uti/data/reports/wavcaps_as_100k_token_hashes.jsonl
101
---
Fri Jan 30 06:47:41 PM UTC 2026
99994 stage3_uti/data/reports/wavcaps_as_100k_token_hashes.jsonl
101
---
Fri Jan 30 06:57:41 PM UTC 2026
99994 stage3_uti/data/reports/wavcaps_as_100k_token_hashes.jsonl
101
---
Fri Jan 30 07:07:41 PM UTC 2026
99994 stage3_uti/data/reports/wavcaps_as_100k_token_hashes.jsonl
101
---
Fri Jan 30 07:17:41 PM UTC 2026
99994 stage3_uti/data/reports/wavcaps_as_100k_token_hashes.jsonl
101
---
Fri Jan 30 07:27:41 PM UTC 2026
99994 stage3_uti/data/reports/wavcaps_as_100k_token_hashes.jsonl
101
---
Fri Jan 30 07:37:42 PM UTC 2026
99994 stage3_uti/data/reports/wavcaps_as_100k_token_hashes.jsonl
101
---
Fri Jan 30 07:47:42 PM UTC 2026
99994 stage3_uti/data/reports/wavcaps_as_100k_token_hashes.jsonl
101
---
Fri Jan 30 07:57:42 PM UTC 2026
99994 stage3_uti/data/reports/wavcaps_as_100k_token_hashes.jsonl
101
---
Fri Jan 30 08:07:42 PM UTC 2026
99994 stage3_uti/data/reports/wavcaps_as_100k_token_hashes.jsonl
101
---
Fri Jan 30 08:17:42 PM UTC 2026
99994 stage3_uti/data/reports/wavcaps_as_100k_token_hashes.jsonl
101
---
Fri Jan 30 08:27:42 PM UTC 2026
99994 stage3_uti/data/reports/wavcaps_as_100k_token_hashes.jsonl
101
---
Fri Jan 30 08:37:42 PM UTC 2026
99994 stage3_uti/data/reports/wavcaps_as_100k_token_hashes.jsonl
101
---
Fri Jan 30 08:47:42 PM UTC 2026
99994 stage3_uti/data/reports/wavcaps_as_100k_token_hashes.jsonl
101
---
Fri Jan 30 08:57:42 PM UTC 2026
99994 stage3_uti/data/reports/wavcaps_as_100k_token_hashes.jsonl
101
---
Fri Jan 30 09:07:42 PM UTC 2026
99994 stage3_uti/data/reports/wavcaps_as_100k_token_hashes.jsonl
101
---
Fri Jan 30 09:17:42 PM UTC 2026
99994 stage3_uti/data/reports/wavcaps_as_100k_token_hashes.jsonl
101
---
Fri Jan 30 09:27:42 PM UTC 2026
99994 stage3_uti/data/reports/wavcaps_as_100k_token_hashes.jsonl
101
---
Fri Jan 30 09:37:42 PM UTC 2026
99994 stage3_uti/data/reports/wavcaps_as_100k_token_hashes.jsonl
101
---
Fri Jan 30 09:47:42 PM UTC 2026
99994 stage3_uti/data/reports/wavcaps_as_100k_token_hashes.jsonl
101
---
Fri Jan 30 09:57:42 PM UTC 2026
99994 stage3_uti/data/reports/wavcaps_as_100k_token_hashes.jsonl
101
---
Fri Jan 30 10:07:43 PM UTC 2026
99994 stage3_uti/data/reports/wavcaps_as_100k_token_hashes.jsonl
101
---
Fri Jan 30 10:17:43 PM UTC 2026
99994 stage3_uti/data/reports/wavcaps_as_100k_token_hashes.jsonl
101
---
Fri Jan 30 10:27:43 PM UTC 2026
99994 stage3_uti/data/reports/wavcaps_as_100k_token_hashes.jsonl
101
---
Fri Jan 30 10:37:43 PM UTC 2026
99994 stage3_uti/data/reports/wavcaps_as_100k_token_hashes.jsonl
101
---
Fri Jan 30 10:47:43 PM UTC 2026
99994 stage3_uti/data/reports/wavcaps_as_100k_token_hashes.jsonl
101
---
Fri Jan 30 10:57:43 PM UTC 2026
99994 stage3_uti/data/reports/wavcaps_as_100k_token_hashes.jsonl
101
---
Fri Jan 30 11:07:43 PM UTC 2026
99994 stage3_uti/data/reports/wavcaps_as_100k_token_hashes.jsonl
101
---
Fri Jan 30 11:17:43 PM UTC 2026
99994 stage3_uti/data/reports/wavcaps_as_100k_token_hashes.jsonl
101
---
Fri Jan 30 11:27:43 PM UTC 2026
99994 stage3_uti/data/reports/wavcaps_as_100k_token_hashes.jsonl
101
---
Fri Jan 30 11:37:43 PM UTC 2026
99994 stage3_uti/data/reports/wavcaps_as_100k_token_hashes.jsonl
101
---
Fri Jan 30 11:47:43 PM UTC 2026
99994 stage3_uti/data/reports/wavcaps_as_100k_token_hashes.jsonl
101
---
Fri Jan 30 11:57:43 PM UTC 2026
99994 stage3_uti/data/reports/wavcaps_as_100k_token_hashes.jsonl
101
---
Sat Jan 31 12:07:43 AM UTC 2026
99994 stage3_uti/data/reports/wavcaps_as_100k_token_hashes.jsonl
101
---
Sat Jan 31 12:17:44 AM UTC 2026
99994 stage3_uti/data/reports/wavcaps_as_100k_token_hashes.jsonl
101
---
Sat Jan 31 12:27:44 AM UTC 2026
99994 stage3_uti/data/reports/wavcaps_as_100k_token_hashes.jsonl
101
---
Sat Jan 31 12:37:44 AM UTC 2026
99994 stage3_uti/data/reports/wavcaps_as_100k_token_hashes.jsonl
101
---
Sat Jan 31 12:47:44 AM UTC 2026
99994 stage3_uti/data/reports/wavcaps_as_100k_token_hashes.jsonl
101
---
Sat Jan 31 12:57:44 AM UTC 2026
99994 stage3_uti/data/reports/wavcaps_as_100k_token_hashes.jsonl
101
---
Sat Jan 31 01:07:44 AM UTC 2026
99994 stage3_uti/data/reports/wavcaps_as_100k_token_hashes.jsonl
101
---
Sat Jan 31 01:17:44 AM UTC 2026
99994 stage3_uti/data/reports/wavcaps_as_100k_token_hashes.jsonl
101
---
Sat Jan 31 01:27:44 AM UTC 2026
99994 stage3_uti/data/reports/wavcaps_as_100k_token_hashes.jsonl
101
---
Sat Jan 31 01:37:45 AM UTC 2026
99994 stage3_uti/data/reports/wavcaps_as_100k_token_hashes.jsonl
101
---
Sat Jan 31 01:47:45 AM UTC 2026
99994 stage3_uti/data/reports/wavcaps_as_100k_token_hashes.jsonl
101
---
Sat Jan 31 01:57:45 AM UTC 2026
99994 stage3_uti/data/reports/wavcaps_as_100k_token_hashes.jsonl
101
---
Sat Jan 31 02:07:45 AM UTC 2026
99994 stage3_uti/data/reports/wavcaps_as_100k_token_hashes.jsonl
101
---
Sat Jan 31 02:17:45 AM UTC 2026
99994 stage3_uti/data/reports/wavcaps_as_100k_token_hashes.jsonl
101
---
Sat Jan 31 02:27:45 AM UTC 2026
99994 stage3_uti/data/reports/wavcaps_as_100k_token_hashes.jsonl
101
---
Sat Jan 31 02:37:45 AM UTC 2026
99994 stage3_uti/data/reports/wavcaps_as_100k_token_hashes.jsonl
101
---
Sat Jan 31 02:47:45 AM UTC 2026
99994 stage3_uti/data/reports/wavcaps_as_100k_token_hashes.jsonl
101
---
Sat Jan 31 02:57:45 AM UTC 2026
99994 stage3_uti/data/reports/wavcaps_as_100k_token_hashes.jsonl
101
---
Sat Jan 31 03:07:45 AM UTC 2026
99994 stage3_uti/data/reports/wavcaps_as_100k_token_hashes.jsonl
101
---
Sat Jan 31 03:17:45 AM UTC 2026
99994 stage3_uti/data/reports/wavcaps_as_100k_token_hashes.jsonl
101
---
Sat Jan 31 03:27:45 AM UTC 2026
99994 stage3_uti/data/reports/wavcaps_as_100k_token_hashes.jsonl
101
---
Sat Jan 31 03:37:46 AM UTC 2026
99994 stage3_uti/data/reports/wavcaps_as_100k_token_hashes.jsonl
101
---
Sat Jan 31 03:47:46 AM UTC 2026
99994 stage3_uti/data/reports/wavcaps_as_100k_token_hashes.jsonl
101
---
Sat Jan 31 03:57:46 AM UTC 2026
99994 stage3_uti/data/reports/wavcaps_as_100k_token_hashes.jsonl
101
---
Sat Jan 31 04:07:46 AM UTC 2026
99994 stage3_uti/data/reports/wavcaps_as_100k_token_hashes.jsonl
101
---
Sat Jan 31 04:17:46 AM UTC 2026
99994 stage3_uti/data/reports/wavcaps_as_100k_token_hashes.jsonl
101
---
Sat Jan 31 04:27:46 AM UTC 2026
99994 stage3_uti/data/reports/wavcaps_as_100k_token_hashes.jsonl
101
---
Sat Jan 31 04:37:46 AM UTC 2026
99994 stage3_uti/data/reports/wavcaps_as_100k_token_hashes.jsonl
101
---
Sat Jan 31 04:47:46 AM UTC 2026
99994 stage3_uti/data/reports/wavcaps_as_100k_token_hashes.jsonl
101
---
Sat Jan 31 04:57:46 AM UTC 2026
99994 stage3_uti/data/reports/wavcaps_as_100k_token_hashes.jsonl
101
---
Sat Jan 31 05:07:46 AM UTC 2026
99994 stage3_uti/data/reports/wavcaps_as_100k_token_hashes.jsonl
101
---
Sat Jan 31 05:17:46 AM UTC 2026
99994 stage3_uti/data/reports/wavcaps_as_100k_token_hashes.jsonl
101
---
Sat Jan 31 05:27:46 AM UTC 2026
99994 stage3_uti/data/reports/wavcaps_as_100k_token_hashes.jsonl
101
---
Sat Jan 31 05:37:46 AM UTC 2026
99994 stage3_uti/data/reports/wavcaps_as_100k_token_hashes.jsonl
101
---
Sat Jan 31 05:47:46 AM UTC 2026
99994 stage3_uti/data/reports/wavcaps_as_100k_token_hashes.jsonl
101
---
Sat Jan 31 05:57:46 AM UTC 2026
99994 stage3_uti/data/reports/wavcaps_as_100k_token_hashes.jsonl
101
---
Sat Jan 31 06:07:47 AM UTC 2026
99994 stage3_uti/data/reports/wavcaps_as_100k_token_hashes.jsonl
101
---
Sat Jan 31 06:17:47 AM UTC 2026
99994 stage3_uti/data/reports/wavcaps_as_100k_token_hashes.jsonl
101
---
Sat Jan 31 06:27:47 AM UTC 2026
99994 stage3_uti/data/reports/wavcaps_as_100k_token_hashes.jsonl
101
---
Sat Jan 31 06:37:47 AM UTC 2026
99994 stage3_uti/data/reports/wavcaps_as_100k_token_hashes.jsonl
101
---
Sat Jan 31 06:47:47 AM UTC 2026
99994 stage3_uti/data/reports/wavcaps_as_100k_token_hashes.jsonl
101
---
Sat Jan 31 06:57:47 AM UTC 2026
99994 stage3_uti/data/reports/wavcaps_as_100k_token_hashes.jsonl
101
---
Sat Jan 31 07:07:47 AM UTC 2026
99994 stage3_uti/data/reports/wavcaps_as_100k_token_hashes.jsonl
101
---
Sat Jan 31 07:17:47 AM UTC 2026
99994 stage3_uti/data/reports/wavcaps_as_100k_token_hashes.jsonl
101
---
Sat Jan 31 07:27:47 AM UTC 2026
99994 stage3_uti/data/reports/wavcaps_as_100k_token_hashes.jsonl
101
---
Sat Jan 31 07:37:48 AM UTC 2026
99994 stage3_uti/data/reports/wavcaps_as_100k_token_hashes.jsonl
101
---
Sat Jan 31 07:47:48 AM UTC 2026
99994 stage3_uti/data/reports/wavcaps_as_100k_token_hashes.jsonl
101
---
Sat Jan 31 07:57:48 AM UTC 2026
99994 stage3_uti/data/reports/wavcaps_as_100k_token_hashes.jsonl
101
---
Sat Jan 31 08:07:48 AM UTC 2026
99994 stage3_uti/data/reports/wavcaps_as_100k_token_hashes.jsonl
101
---
Sat Jan 31 08:17:48 AM UTC 2026
99994 stage3_uti/data/reports/wavcaps_as_100k_token_hashes.jsonl
101
---
Sat Jan 31 08:27:48 AM UTC 2026
99994 stage3_uti/data/reports/wavcaps_as_100k_token_hashes.jsonl
101
---
Sat Jan 31 08:37:48 AM UTC 2026
99994 stage3_uti/data/reports/wavcaps_as_100k_token_hashes.jsonl
101
---
Sat Jan 31 08:47:48 AM UTC 2026
99994 stage3_uti/data/reports/wavcaps_as_100k_token_hashes.jsonl
101
---
Sat Jan 31 08:57:48 AM UTC 2026
99994 stage3_uti/data/reports/wavcaps_as_100k_token_hashes.jsonl
101
---
Sat Jan 31 09:07:48 AM UTC 2026
99994 stage3_uti/data/reports/wavcaps_as_100k_token_hashes.jsonl
101
---
Sat Jan 31 09:17:48 AM UTC 2026
99994 stage3_uti/data/reports/wavcaps_as_100k_token_hashes.jsonl
101
---
Sat Jan 31 09:27:48 AM UTC 2026
99994 stage3_uti/data/reports/wavcaps_as_100k_token_hashes.jsonl
101
---
